Tue Sep 19 23:21:43 2017
---begin client handler---
Tue Sep 19 23:21:43 2017
Server key data successfully initialized...
Tue Sep 19 23:21:43 2017
allocating memory for input buffer...
Tue Sep 19 23:21:43 2017
Awaiting packet from client...
Tue Sep 19 23:21:43 2017
Received client packet...
Tue Sep 19 23:21:43 2017
This must be the Hello-Packet from the client...
Tue Sep 19 23:21:44 2017
Received client packet...
Tue Sep 19 23:21:44 2017
This must be the encrypted key from the client...
Tue Sep 19 23:21:45 2017
Key from client successfully decrypted...
Tue Sep 19 23:21:46 2017
Setting up local key material...
Tue Sep 19 23:21:46 2017
Received client packet...
Tue Sep 19 23:21:46 2017
This must be the encrypted client license data header...
Tue Sep 19 23:21:47 2017
Received client packet...
Tue Sep 19 23:21:47 2017
This must be the encrypted client license data...
Tue Sep 19 23:21:47 2017
Sending server response to client
Tue Sep 19 23:21:47 2017
Received client packet...
Tue Sep 19 23:21:47 2017
This must be the last message the client sends to the accounting server...
Tue Sep 19 23:21:47 2017
---end client handler---
Tue Sep 19 23:21:49 2017
---begin client handler---
Tue Sep 19 23:21:49 2017
Server key data successfully initialized...
Tue Sep 19 23:21:49 2017
allocating memory for input buffer...
Tue Sep 19 23:21:49 2017
Awaiting packet from client...
Tue Sep 19 23:21:49 2017
Received client packet...
Tue Sep 19 23:21:49 2017
This must be the Hello-Packet from the client...
Tue Sep 19 23:21:50 2017
Received client packet...
Tue Sep 19 23:21:50 2017
This must be the encrypted key from the client...
Tue Sep 19 23:21:51 2017
Key from client successfully decrypted...
Tue Sep 19 23:21:52 2017
Setting up local key material...
Tue Sep 19 23:21:52 2017
Received client packet...
Tue Sep 19 23:21:52 2017
This must be the encrypted client license data header...
Tue Sep 19 23:21:53 2017
Received client packet...
Tue Sep 19 23:21:53 2017
This must be the encrypted client license data...
Tue Sep 19 23:21:53 2017
It's a vserver check!
Tue Sep 19 23:21:53 2017
Sending server response to client
Tue Sep 19 23:21:53 2017
Received client packet...
Tue Sep 19 23:21:53 2017
This must be the last message the client sends to the accounting server...
Tue Sep 19 23:21:53 2017
---end client handler---
Wed Sep 20 00:21:55 2017
---begin client handler---
Wed Sep 20 00:21:55 2017
Server key data successfully initialized...
Wed Sep 20 00:21:55 2017
allocating memory for input buffer...
Wed Sep 20 00:21:55 2017
Awaiting packet from client...
Wed Sep 20 00:21:55 2017
Received client packet...
Wed Sep 20 00:21:55 2017
This must be the Hello-Packet from the client...
Wed Sep 20 00:21:56 2017
Received client packet...
Wed Sep 20 00:21:56 2017
This must be the encrypted key from the client...
Wed Sep 20 00:21:57 2017
Key from client successfully decrypted...
Wed Sep 20 00:21:58 2017
Setting up local key material...
Wed Sep 20 00:21:58 2017
Received client packet...
Wed Sep 20 00:21:58 2017
This must be the encrypted client license data header...
Wed Sep 20 00:21:59 2017
Received client packet...
Wed Sep 20 00:21:59 2017
This must be the encrypted client license data...
Wed Sep 20 00:21:59 2017
It's a vserver check!
Wed Sep 20 00:21:59 2017
Sending server response to client
Wed Sep 20 00:21:59 2017
Received client packet...
Wed Sep 20 00:21:59 2017
This must be the last message the client sends to the accounting server...
Wed Sep 20 00:21:59 2017
---end client handler---
Wed Sep 20 01:22:02 2017
---begin client handler---
Wed Sep 20 01:22:02 2017
Server key data successfully initialized...
Wed Sep 20 01:22:02 2017
allocating memory for input buffer...
Wed Sep 20 01:22:02 2017
Awaiting packet from client...
Wed Sep 20 01:22:02 2017
Received client packet...
Wed Sep 20 01:22:02 2017
This must be the Hello-Packet from the client...
Wed Sep 20 01:22:03 2017
Received client packet...
Wed Sep 20 01:22:03 2017
This must be the encrypted key from the client...
Wed Sep 20 01:22:04 2017
Key from client successfully decrypted...
Wed Sep 20 01:22:05 2017
Setting up local key material...
Wed Sep 20 01:22:05 2017
Received client packet...
Wed Sep 20 01:22:05 2017
This must be the encrypted client license data header...
Wed Sep 20 01:22:06 2017
Received client packet...
Wed Sep 20 01:22:06 2017
This must be the encrypted client license data...
Wed Sep 20 01:22:06 2017
It's a vserver check!
Wed Sep 20 01:22:06 2017
Sending server response to client
Wed Sep 20 01:22:06 2017
Received client packet...
Wed Sep 20 01:22:06 2017
This must be the last message the client sends to the accounting server...
Wed Sep 20 01:22:06 2017
---end client handler---
Wed Sep 20 02:22:10 2017
---begin client handler---
Wed Sep 20 02:22:10 2017
Server key data successfully initialized...
Wed Sep 20 02:22:10 2017
allocating memory for input buffer...
Wed Sep 20 02:22:10 2017
Awaiting packet from client...
Wed Sep 20 02:22:10 2017
Received client packet...
Wed Sep 20 02:22:10 2017
This must be the Hello-Packet from the client...
Wed Sep 20 02:22:11 2017
Received client packet...
Wed Sep 20 02:22:11 2017
This must be the encrypted key from the client...
Wed Sep 20 02:22:12 2017
Key from client successfully decrypted...
Wed Sep 20 02:22:13 2017
Setting up local key material...
Wed Sep 20 02:22:13 2017
Received client packet...
Wed Sep 20 02:22:13 2017
This must be the encrypted client license data header...
Wed Sep 20 02:22:14 2017
Received client packet...
Wed Sep 20 02:22:14 2017
This must be the encrypted client license data...
Wed Sep 20 02:22:14 2017
It's a vserver check!
Wed Sep 20 02:22:14 2017
Sending server response to client
Wed Sep 20 02:22:14 2017
Received client packet...
Wed Sep 20 02:22:14 2017
This must be the last message the client sends to the accounting server...
Wed Sep 20 02:22:14 2017
---end client handler---
Wed Sep 20 03:22:18 2017
---begin client handler---
Wed Sep 20 03:22:18 2017
Server key data successfully initialized...
Wed Sep 20 03:22:18 2017
allocating memory for input buffer...
Wed Sep 20 03:22:18 2017
Awaiting packet from client...
Wed Sep 20 03:22:18 2017
Received client packet...
Wed Sep 20 03:22:18 2017
This must be the Hello-Packet from the client...
Wed Sep 20 03:22:19 2017
Received client packet...
Wed Sep 20 03:22:19 2017
This must be the encrypted key from the client...
Wed Sep 20 03:22:20 2017
Key from client successfully decrypted...
Wed Sep 20 03:22:21 2017
Setting up local key material...
Wed Sep 20 03:22:21 2017
Received client packet...
Wed Sep 20 03:22:21 2017
This must be the encrypted client license data header...
Wed Sep 20 03:22:22 2017
Received client packet...
Wed Sep 20 03:22:22 2017
This must be the encrypted client license data...
Wed Sep 20 03:22:22 2017
It's a vserver check!
Wed Sep 20 03:22:22 2017
Sending server response to client
Wed Sep 20 03:22:22 2017
Received client packet...
Wed Sep 20 03:22:22 2017
This must be the last message the client sends to the accounting server...
Wed Sep 20 03:22:22 2017
---end client handler---
Wed Sep 20 04:22:26 2017
---begin client handler---
Wed Sep 20 04:22:26 2017
Server key data successfully initialized...
Wed Sep 20 04:22:26 2017
allocating memory for input buffer...
Wed Sep 20 04:22:26 2017
Awaiting packet from client...
Wed Sep 20 04:22:26 2017
Received client packet...
Wed Sep 20 04:22:26 2017
This must be the Hello-Packet from the client...
Wed Sep 20 04:22:27 2017
Received client packet...
Wed Sep 20 04:22:27 2017
This must be the encrypted key from the client...
Wed Sep 20 04:22:28 2017
Key from client successfully decrypted...
Wed Sep 20 04:22:29 2017
Setting up local key material...
Wed Sep 20 04:22:29 2017
Received client packet...
Wed Sep 20 04:22:29 2017
This must be the encrypted client license data header...
Wed Sep 20 04:22:30 2017
Received client packet...
Wed Sep 20 04:22:30 2017
This must be the encrypted client license data...
Wed Sep 20 04:22:30 2017
It's a vserver check!
Wed Sep 20 04:22:30 2017
Sending server response to client
Wed Sep 20 04:22:30 2017
Received client packet...
Wed Sep 20 04:22:30 2017
This must be the last message the client sends to the accounting server...
Wed Sep 20 04:22:30 2017
---end client handler---
Wed Sep 20 05:22:33 2017
---begin client handler---
Wed Sep 20 05:22:33 2017
Server key data successfully initialized...
Wed Sep 20 05:22:33 2017
allocating memory for input buffer...
Wed Sep 20 05:22:33 2017
Awaiting packet from client...
Wed Sep 20 05:22:33 2017
Received client packet...
Wed Sep 20 05:22:33 2017
This must be the Hello-Packet from the client...
Wed Sep 20 05:22:34 2017
Received client packet...
Wed Sep 20 05:22:34 2017
This must be the encrypted key from the client...
Wed Sep 20 05:22:35 2017
Key from client successfully decrypted...
Wed Sep 20 05:22:36 2017
Setting up local key material...
Wed Sep 20 05:22:36 2017
Received client packet...
Wed Sep 20 05:22:36 2017
This must be the encrypted client license data header...
Wed Sep 20 05:22:37 2017
Received client packet...
Wed Sep 20 05:22:37 2017
This must be the encrypted client license data...
Wed Sep 20 05:22:37 2017
It's a vserver check!
Wed Sep 20 05:22:37 2017
Sending server response to client
Wed Sep 20 05:22:37 2017
Received client packet...
Wed Sep 20 05:22:37 2017
This must be the last message the client sends to the accounting server...
Wed Sep 20 05:22:37 2017
---end client handler---
Wed Sep 20 06:22:41 2017
---begin client handler---
Wed Sep 20 06:22:41 2017
Server key data successfully initialized...
Wed Sep 20 06:22:41 2017
allocating memory for input buffer...
Wed Sep 20 06:22:41 2017
Awaiting packet from client...
Wed Sep 20 06:22:41 2017
Received client packet...
Wed Sep 20 06:22:41 2017
This must be the Hello-Packet from the client...
Wed Sep 20 06:22:42 2017
Received client packet...
Wed Sep 20 06:22:42 2017
This must be the encrypted key from the client...
Wed Sep 20 06:22:43 2017
Key from client successfully decrypted...
Wed Sep 20 06:22:44 2017
Setting up local key material...
Wed Sep 20 06:22:44 2017
Received client packet...
Wed Sep 20 06:22:44 2017
This must be the encrypted client license data header...
Wed Sep 20 06:22:45 2017
Received client packet...
Wed Sep 20 06:22:45 2017
This must be the encrypted client license data...
Wed Sep 20 06:22:45 2017
It's a vserver check!
Wed Sep 20 06:22:45 2017
Sending server response to client
Wed Sep 20 06:22:45 2017
Received client packet...
Wed Sep 20 06:22:45 2017
This must be the last message the client sends to the accounting server...
Wed Sep 20 06:22:45 2017
---end client handler---
Wed Sep 20 07:22:49 2017
---begin client handler---
Wed Sep 20 07:22:49 2017
Server key data successfully initialized...
Wed Sep 20 07:22:49 2017
allocating memory for input buffer...
Wed Sep 20 07:22:49 2017
Awaiting packet from client...
Wed Sep 20 07:22:49 2017
Received client packet...
Wed Sep 20 07:22:49 2017
This must be the Hello-Packet from the client...
Wed Sep 20 07:22:50 2017
Received client packet...
Wed Sep 20 07:22:50 2017
This must be the encrypted key from the client...
Wed Sep 20 07:22:51 2017
Key from client successfully decrypted...
Wed Sep 20 07:22:52 2017
Setting up local key material...
Wed Sep 20 07:22:52 2017
Received client packet...
Wed Sep 20 07:22:52 2017
This must be the encrypted client license data header...
Wed Sep 20 07:22:53 2017
Received client packet...
Wed Sep 20 07:22:53 2017
This must be the encrypted client license data...
Wed Sep 20 07:22:53 2017
It's a vserver check!
Wed Sep 20 07:22:53 2017
Sending server response to client
Wed Sep 20 07:22:53 2017
Received client packet...
Wed Sep 20 07:22:53 2017
This must be the last message the client sends to the accounting server...
Wed Sep 20 07:22:53 2017
---end client handler---
Wed Sep 20 08:22:57 2017
---begin client handler---
Wed Sep 20 08:22:57 2017
Server key data successfully initialized...
Wed Sep 20 08:22:57 2017
allocating memory for input buffer...
Wed Sep 20 08:22:57 2017
Awaiting packet from client...
Wed Sep 20 08:22:57 2017
Received client packet...
Wed Sep 20 08:22:57 2017
This must be the Hello-Packet from the client...
Wed Sep 20 08:22:58 2017
Received client packet...
Wed Sep 20 08:22:58 2017
This must be the encrypted key from the client...
Wed Sep 20 08:22:59 2017
Key from client successfully decrypted...
Wed Sep 20 08:23:00 2017
Setting up local key material...
Wed Sep 20 08:23:00 2017
Received client packet...
Wed Sep 20 08:23:00 2017
This must be the encrypted client license data header...
Wed Sep 20 08:23:01 2017
Received client packet...
Wed Sep 20 08:23:01 2017
This must be the encrypted client license data...
Wed Sep 20 08:23:01 2017
It's a vserver check!
Wed Sep 20 08:23:01 2017
Sending server response to client
Wed Sep 20 08:23:01 2017
Received client packet...
Wed Sep 20 08:23:01 2017
This must be the last message the client sends to the accounting server...
Wed Sep 20 08:23:01 2017
---end client handler---
Wed Sep 20 09:23:05 2017
---begin client handler---
Wed Sep 20 09:23:05 2017
Server key data successfully initialized...
Wed Sep 20 09:23:05 2017
allocating memory for input buffer...
Wed Sep 20 09:23:05 2017
Awaiting packet from client...
Wed Sep 20 09:23:05 2017
Received client packet...
Wed Sep 20 09:23:05 2017
This must be the Hello-Packet from the client...
Wed Sep 20 09:23:06 2017
Received client packet...
Wed Sep 20 09:23:06 2017
This must be the encrypted key from the client...
Wed Sep 20 09:23:07 2017
Key from client successfully decrypted...
Wed Sep 20 09:23:08 2017
Setting up local key material...
Wed Sep 20 09:23:08 2017
Received client packet...
Wed Sep 20 09:23:08 2017
This must be the encrypted client license data header...
Wed Sep 20 09:23:09 2017
Received client packet...
Wed Sep 20 09:23:09 2017
This must be the encrypted client license data...
Wed Sep 20 09:23:09 2017
It's a vserver check!
Wed Sep 20 09:23:09 2017
Sending server response to client
Wed Sep 20 09:23:09 2017
Received client packet...
Wed Sep 20 09:23:09 2017
This must be the last message the client sends to the accounting server...
Wed Sep 20 09:23:09 2017
---end client handler---
Wed Sep 20 10:23:13 2017
---begin client handler---
Wed Sep 20 10:23:13 2017
Server key data successfully initialized...
Wed Sep 20 10:23:13 2017
allocating memory for input buffer...
Wed Sep 20 10:23:13 2017
Awaiting packet from client...
Wed Sep 20 10:23:13 2017
Received client packet...
Wed Sep 20 10:23:13 2017
This must be the Hello-Packet from the client...
Wed Sep 20 10:23:14 2017
Received client packet...
Wed Sep 20 10:23:14 2017
This must be the encrypted key from the client...
Wed Sep 20 10:23:15 2017
Key from client successfully decrypted...
Wed Sep 20 10:23:16 2017
Setting up local key material...
Wed Sep 20 10:23:16 2017
Received client packet...
Wed Sep 20 10:23:16 2017
This must be the encrypted client license data header...
Wed Sep 20 10:23:17 2017
Received client packet...
Wed Sep 20 10:23:17 2017
This must be the encrypted client license data...
Wed Sep 20 10:23:17 2017
It's a vserver check!
Wed Sep 20 10:23:17 2017
Sending server response to client
Wed Sep 20 10:23:17 2017
Received client packet...
Wed Sep 20 10:23:17 2017
This must be the last message the client sends to the accounting server...
Wed Sep 20 10:23:17 2017
---end client handler---
Wed Sep 20 11:23:21 2017
---begin client handler---
Wed Sep 20 11:23:21 2017
Server key data successfully initialized...
Wed Sep 20 11:23:21 2017
allocating memory for input buffer...
Wed Sep 20 11:23:21 2017
Awaiting packet from client...
Wed Sep 20 11:23:21 2017
Received client packet...
Wed Sep 20 11:23:21 2017
This must be the Hello-Packet from the client...
Wed Sep 20 11:23:22 2017
Received client packet...
Wed Sep 20 11:23:22 2017
This must be the encrypted key from the client...
Wed Sep 20 11:23:23 2017
Key from client successfully decrypted...
Wed Sep 20 11:23:24 2017
Setting up local key material...
Wed Sep 20 11:23:24 2017
Received client packet...
Wed Sep 20 11:23:24 2017
This must be the encrypted client license data header...
Wed Sep 20 11:23:25 2017
Received client packet...
Wed Sep 20 11:23:25 2017
This must be the encrypted client license data...
Wed Sep 20 11:23:25 2017
It's a vserver check!
Wed Sep 20 11:23:25 2017
Sending server response to client
Wed Sep 20 11:23:25 2017
Received client packet...
Wed Sep 20 11:23:25 2017
This must be the last message the client sends to the accounting server...
Wed Sep 20 11:23:25 2017
---end client handler---
Wed Sep 20 12:23:29 2017
---begin client handler---
Wed Sep 20 12:23:29 2017
Server key data successfully initialized...
Wed Sep 20 12:23:29 2017
allocating memory for input buffer...
Wed Sep 20 12:23:29 2017
Awaiting packet from client...
Wed Sep 20 12:23:29 2017
Received client packet...
Wed Sep 20 12:23:29 2017
This must be the Hello-Packet from the client...
Wed Sep 20 12:23:30 2017
Received client packet...
Wed Sep 20 12:23:30 2017
This must be the encrypted key from the client...
Wed Sep 20 12:23:31 2017
Key from client successfully decrypted...
Wed Sep 20 12:23:32 2017
Setting up local key material...
Wed Sep 20 12:23:32 2017
Received client packet...
Wed Sep 20 12:23:32 2017
This must be the encrypted client license data header...
Wed Sep 20 12:23:33 2017
Received client packet...
Wed Sep 20 12:23:33 2017
This must be the encrypted client license data...
Wed Sep 20 12:23:33 2017
It's a vserver check!
Wed Sep 20 12:23:33 2017
Sending server response to client
Wed Sep 20 12:23:33 2017
Received client packet...
Wed Sep 20 12:23:33 2017
This must be the last message the client sends to the accounting server...
Wed Sep 20 12:23:33 2017
---end client handler---
Wed Sep 20 13:23:37 2017
---begin client handler---
Wed Sep 20 13:23:37 2017
Server key data successfully initialized...
Wed Sep 20 13:23:37 2017
allocating memory for input buffer...
Wed Sep 20 13:23:37 2017
Awaiting packet from client...
Wed Sep 20 13:23:37 2017
Received client packet...
Wed Sep 20 13:23:37 2017
This must be the Hello-Packet from the client...
Wed Sep 20 13:23:38 2017
Received client packet...
Wed Sep 20 13:23:38 2017
This must be the encrypted key from the client...
Wed Sep 20 13:23:39 2017
Key from client successfully decrypted...
Wed Sep 20 13:23:40 2017
Setting up local key material...
Wed Sep 20 13:23:40 2017
Received client packet...
Wed Sep 20 13:23:40 2017
This must be the encrypted client license data header...
Wed Sep 20 13:23:41 2017
Received client packet...
Wed Sep 20 13:23:41 2017
This must be the encrypted client license data...
Wed Sep 20 13:23:41 2017
It's a vserver check!
Wed Sep 20 13:23:41 2017
Sending server response to client
Wed Sep 20 13:23:41 2017
Received client packet...
Wed Sep 20 13:23:41 2017
This must be the last message the client sends to the accounting server...
Wed Sep 20 13:23:41 2017
---end client handler---
Wed Sep 20 14:23:44 2017
---begin client handler---
Wed Sep 20 14:23:44 2017
Server key data successfully initialized...
Wed Sep 20 14:23:44 2017
allocating memory for input buffer...
Wed Sep 20 14:23:44 2017
Awaiting packet from client...
Wed Sep 20 14:23:44 2017
Received client packet...
Wed Sep 20 14:23:44 2017
This must be the Hello-Packet from the client...
Wed Sep 20 14:23:45 2017
Received client packet...
Wed Sep 20 14:23:45 2017
This must be the encrypted key from the client...
Wed Sep 20 14:23:46 2017
Key from client successfully decrypted...
Wed Sep 20 14:23:47 2017
Setting up local key material...
Wed Sep 20 14:23:47 2017
Received client packet...
Wed Sep 20 14:23:47 2017
This must be the encrypted client license data header...
Wed Sep 20 14:23:48 2017
Received client packet...
Wed Sep 20 14:23:48 2017
This must be the encrypted client license data...
Wed Sep 20 14:23:48 2017
It's a vserver check!
Wed Sep 20 14:23:48 2017
Sending server response to client
Wed Sep 20 14:23:48 2017
Received client packet...
Wed Sep 20 14:23:48 2017
This must be the last message the client sends to the accounting server...
Wed Sep 20 14:23:48 2017
---end client handler---
Wed Sep 20 15:23:52 2017
---begin client handler---
Wed Sep 20 15:23:52 2017
Server key data successfully initialized...
Wed Sep 20 15:23:52 2017
allocating memory for input buffer...
Wed Sep 20 15:23:52 2017
Awaiting packet from client...
Wed Sep 20 15:23:52 2017
Received client packet...
Wed Sep 20 15:23:52 2017
This must be the Hello-Packet from the client...
Wed Sep 20 15:23:53 2017
Received client packet...
Wed Sep 20 15:23:53 2017
This must be the encrypted key from the client...
Wed Sep 20 15:23:54 2017
Key from client successfully decrypted...
Wed Sep 20 15:23:55 2017
Setting up local key material...
Wed Sep 20 15:23:55 2017
Received client packet...
Wed Sep 20 15:23:55 2017
This must be the encrypted client license data header...
Wed Sep 20 15:23:56 2017
Received client packet...
Wed Sep 20 15:23:56 2017
This must be the encrypted client license data...
Wed Sep 20 15:23:56 2017
It's a vserver check!
Wed Sep 20 15:23:56 2017
Sending server response to client
Wed Sep 20 15:23:56 2017
Received client packet...
Wed Sep 20 15:23:56 2017
This must be the last message the client sends to the accounting server...
Wed Sep 20 15:23:56 2017
---end client handler---
Wed Sep 20 16:24:00 2017
---begin client handler---
Wed Sep 20 16:24:00 2017
Server key data successfully initialized...
Wed Sep 20 16:24:00 2017
allocating memory for input buffer...
Wed Sep 20 16:24:00 2017
Awaiting packet from client...
Wed Sep 20 16:24:00 2017
Received client packet...
Wed Sep 20 16:24:00 2017
This must be the Hello-Packet from the client...
Wed Sep 20 16:24:01 2017
Received client packet...
Wed Sep 20 16:24:01 2017
This must be the encrypted key from the client...
Wed Sep 20 16:24:02 2017
Key from client successfully decrypted...
Wed Sep 20 16:24:03 2017
Setting up local key material...
Wed Sep 20 16:24:03 2017
Received client packet...
Wed Sep 20 16:24:03 2017
This must be the encrypted client license data header...
Wed Sep 20 16:24:04 2017
Received client packet...
Wed Sep 20 16:24:04 2017
This must be the encrypted client license data...
Wed Sep 20 16:24:04 2017
It's a vserver check!
Wed Sep 20 16:24:04 2017
Sending server response to client
Wed Sep 20 16:24:04 2017
Received client packet...
Wed Sep 20 16:24:04 2017
This must be the last message the client sends to the accounting server...
Wed Sep 20 16:24:04 2017
---end client handler---
Wed Sep 20 17:24:08 2017
---begin client handler---
Wed Sep 20 17:24:08 2017
Server key data successfully initialized...
Wed Sep 20 17:24:08 2017
allocating memory for input buffer...
Wed Sep 20 17:24:08 2017
Awaiting packet from client...
Wed Sep 20 17:24:08 2017
Received client packet...
Wed Sep 20 17:24:08 2017
This must be the Hello-Packet from the client...
Wed Sep 20 17:24:09 2017
Received client packet...
Wed Sep 20 17:24:09 2017
This must be the encrypted key from the client...
Wed Sep 20 17:24:10 2017
Key from client successfully decrypted...
Wed Sep 20 17:24:11 2017
Setting up local key material...
Wed Sep 20 17:24:11 2017
Received client packet...
Wed Sep 20 17:24:11 2017
This must be the encrypted client license data header...
Wed Sep 20 17:24:12 2017
Received client packet...
Wed Sep 20 17:24:12 2017
This must be the encrypted client license data...
Wed Sep 20 17:24:12 2017
It's a vserver check!
Wed Sep 20 17:24:12 2017
Sending server response to client
Wed Sep 20 17:24:12 2017
Received client packet...
Wed Sep 20 17:24:12 2017
This must be the last message the client sends to the accounting server...
Wed Sep 20 17:24:12 2017
---end client handler---
Wed Sep 20 18:24:16 2017
---begin client handler---
Wed Sep 20 18:24:16 2017
Server key data successfully initialized...
Wed Sep 20 18:24:16 2017
allocating memory for input buffer...
Wed Sep 20 18:24:16 2017
Awaiting packet from client...
Wed Sep 20 18:24:16 2017
Received client packet...
Wed Sep 20 18:24:16 2017
This must be the Hello-Packet from the client...
Wed Sep 20 18:24:17 2017
Received client packet...
Wed Sep 20 18:24:17 2017
This must be the encrypted key from the client...
Wed Sep 20 18:24:18 2017
Key from client successfully decrypted...
Wed Sep 20 18:24:19 2017
Setting up local key material...
Wed Sep 20 18:24:19 2017
Received client packet...
Wed Sep 20 18:24:19 2017
This must be the encrypted client license data header...
Wed Sep 20 18:24:20 2017
Received client packet...
Wed Sep 20 18:24:20 2017
This must be the encrypted client license data...
Wed Sep 20 18:24:20 2017
It's a vserver check!
Wed Sep 20 18:24:20 2017
Sending server response to client
Wed Sep 20 18:24:20 2017
Received client packet...
Wed Sep 20 18:24:20 2017
This must be the last message the client sends to the accounting server...
Wed Sep 20 18:24:20 2017
---end client handler---
Wed Sep 20 19:24:24 2017
---begin client handler---
Wed Sep 20 19:24:24 2017
Server key data successfully initialized...
Wed Sep 20 19:24:24 2017
allocating memory for input buffer...
Wed Sep 20 19:24:24 2017
Awaiting packet from client...
Wed Sep 20 19:24:24 2017
Received client packet...
Wed Sep 20 19:24:24 2017
This must be the Hello-Packet from the client...
Wed Sep 20 19:24:25 2017
Received client packet...
Wed Sep 20 19:24:25 2017
This must be the encrypted key from the client...
Wed Sep 20 19:24:26 2017
Key from client successfully decrypted...
Wed Sep 20 19:24:27 2017
Setting up local key material...
Wed Sep 20 19:24:27 2017
Received client packet...
Wed Sep 20 19:24:27 2017
This must be the encrypted client license data header...
Wed Sep 20 19:24:28 2017
Received client packet...
Wed Sep 20 19:24:28 2017
This must be the encrypted client license data...
Wed Sep 20 19:24:28 2017
It's a vserver check!
Wed Sep 20 19:24:28 2017
Sending server response to client
Wed Sep 20 19:24:28 2017
Received client packet...
Wed Sep 20 19:24:28 2017
This must be the last message the client sends to the accounting server...
Wed Sep 20 19:24:28 2017
---end client handler---
Wed Sep 20 20:24:32 2017
---begin client handler---
Wed Sep 20 20:24:32 2017
Server key data successfully initialized...
Wed Sep 20 20:24:32 2017
allocating memory for input buffer...
Wed Sep 20 20:24:32 2017
Awaiting packet from client...
Wed Sep 20 20:24:32 2017
Received client packet...
Wed Sep 20 20:24:32 2017
This must be the Hello-Packet from the client...
Wed Sep 20 20:24:33 2017
Received client packet...
Wed Sep 20 20:24:33 2017
This must be the encrypted key from the client...
Wed Sep 20 20:24:34 2017
Key from client successfully decrypted...
Wed Sep 20 20:24:35 2017
Setting up local key material...
Wed Sep 20 20:24:35 2017
Received client packet...
Wed Sep 20 20:24:35 2017
This must be the encrypted client license data header...
Wed Sep 20 20:24:36 2017
Received client packet...
Wed Sep 20 20:24:36 2017
This must be the encrypted client license data...
Wed Sep 20 20:24:36 2017
It's a vserver check!
Wed Sep 20 20:24:36 2017
Sending server response to client
Wed Sep 20 20:24:36 2017
Received client packet...
Wed Sep 20 20:24:36 2017
This must be the last message the client sends to the accounting server...
Wed Sep 20 20:24:36 2017
---end client handler---
Wed Sep 20 21:24:40 2017
---begin client handler---
Wed Sep 20 21:24:40 2017
Server key data successfully initialized...
Wed Sep 20 21:24:40 2017
allocating memory for input buffer...
Wed Sep 20 21:24:40 2017
Awaiting packet from client...
Wed Sep 20 21:24:40 2017
Received client packet...
Wed Sep 20 21:24:40 2017
This must be the Hello-Packet from the client...
Wed Sep 20 21:24:41 2017
Received client packet...
Wed Sep 20 21:24:41 2017
This must be the encrypted key from the client...
Wed Sep 20 21:24:42 2017
Key from client successfully decrypted...
Wed Sep 20 21:24:43 2017
Setting up local key material...
Wed Sep 20 21:24:43 2017
Received client packet...
Wed Sep 20 21:24:43 2017
This must be the encrypted client license data header...
Wed Sep 20 21:24:44 2017
Received client packet...
Wed Sep 20 21:24:44 2017
This must be the encrypted client license data...
Wed Sep 20 21:24:44 2017
It's a vserver check!
Wed Sep 20 21:24:44 2017
Sending server response to client
Wed Sep 20 21:24:44 2017
Received client packet...
Wed Sep 20 21:24:44 2017
This must be the last message the client sends to the accounting server...
Wed Sep 20 21:24:44 2017
---end client handler---
Wed Sep 20 22:24:47 2017
---begin client handler---
Wed Sep 20 22:24:47 2017
Server key data successfully initialized...
Wed Sep 20 22:24:47 2017
allocating memory for input buffer...
Wed Sep 20 22:24:47 2017
Awaiting packet from client...
Wed Sep 20 22:24:47 2017
Received client packet...
Wed Sep 20 22:24:47 2017
This must be the Hello-Packet from the client...
Wed Sep 20 22:24:48 2017
Received client packet...
Wed Sep 20 22:24:48 2017
This must be the encrypted key from the client...
Wed Sep 20 22:24:49 2017
Key from client successfully decrypted...
Wed Sep 20 22:24:50 2017
Setting up local key material...
Wed Sep 20 22:24:50 2017
Received client packet...
Wed Sep 20 22:24:50 2017
This must be the encrypted client license data header...
Wed Sep 20 22:24:51 2017
Received client packet...
Wed Sep 20 22:24:51 2017
This must be the encrypted client license data...
Wed Sep 20 22:24:51 2017
It's a vserver check!
Wed Sep 20 22:24:51 2017
Sending server response to client
Wed Sep 20 22:24:51 2017
Received client packet...
Wed Sep 20 22:24:51 2017
This must be the last message the client sends to the accounting server...
Wed Sep 20 22:24:51 2017
---end client handler---
Wed Sep 20 23:24:55 2017
---begin client handler---
Wed Sep 20 23:24:55 2017
Server key data successfully initialized...
Wed Sep 20 23:24:55 2017
allocating memory for input buffer...
Wed Sep 20 23:24:55 2017
Awaiting packet from client...
Wed Sep 20 23:24:55 2017
Received client packet...
Wed Sep 20 23:24:55 2017
This must be the Hello-Packet from the client...
Wed Sep 20 23:24:56 2017
Received client packet...
Wed Sep 20 23:24:56 2017
This must be the encrypted key from the client...
Wed Sep 20 23:24:57 2017
Key from client successfully decrypted...
Wed Sep 20 23:24:58 2017
Setting up local key material...
Wed Sep 20 23:24:58 2017
Received client packet...
Wed Sep 20 23:24:58 2017
This must be the encrypted client license data header...
Wed Sep 20 23:24:59 2017
Received client packet...
Wed Sep 20 23:24:59 2017
This must be the encrypted client license data...
Wed Sep 20 23:24:59 2017
It's a vserver check!
Wed Sep 20 23:24:59 2017
Sending server response to client
Wed Sep 20 23:24:59 2017
Received client packet...
Wed Sep 20 23:24:59 2017
This must be the last message the client sends to the accounting server...
Wed Sep 20 23:24:59 2017
---end client handler---
Thu Sep 21 00:25:03 2017
---begin client handler---
Thu Sep 21 00:25:03 2017
Server key data successfully initialized...
Thu Sep 21 00:25:03 2017
allocating memory for input buffer...
Thu Sep 21 00:25:03 2017
Awaiting packet from client...
Thu Sep 21 00:25:03 2017
Received client packet...
Thu Sep 21 00:25:03 2017
This must be the Hello-Packet from the client...
Thu Sep 21 00:25:04 2017
Received client packet...
Thu Sep 21 00:25:04 2017
This must be the encrypted key from the client...
Thu Sep 21 00:25:05 2017
Key from client successfully decrypted...
Thu Sep 21 00:25:06 2017
Setting up local key material...
Thu Sep 21 00:25:06 2017
Received client packet...
Thu Sep 21 00:25:06 2017
This must be the encrypted client license data header...
Thu Sep 21 00:25:07 2017
Received client packet...
Thu Sep 21 00:25:07 2017
This must be the encrypted client license data...
Thu Sep 21 00:25:07 2017
It's a vserver check!
Thu Sep 21 00:25:07 2017
Sending server response to client
Thu Sep 21 00:25:07 2017
Received client packet...
Thu Sep 21 00:25:07 2017
This must be the last message the client sends to the accounting server...
Thu Sep 21 00:25:07 2017
---end client handler---
Thu Sep 21 01:25:11 2017
---begin client handler---
Thu Sep 21 01:25:11 2017
Server key data successfully initialized...
Thu Sep 21 01:25:11 2017
allocating memory for input buffer...
Thu Sep 21 01:25:11 2017
Awaiting packet from client...
Thu Sep 21 01:25:11 2017
Received client packet...
Thu Sep 21 01:25:11 2017
This must be the Hello-Packet from the client...
Thu Sep 21 01:25:12 2017
Received client packet...
Thu Sep 21 01:25:12 2017
This must be the encrypted key from the client...
Thu Sep 21 01:25:13 2017
Key from client successfully decrypted...
Thu Sep 21 01:25:14 2017
Setting up local key material...
Thu Sep 21 01:25:14 2017
Received client packet...
Thu Sep 21 01:25:14 2017
This must be the encrypted client license data header...
Thu Sep 21 01:25:15 2017
Received client packet...
Thu Sep 21 01:25:15 2017
This must be the encrypted client license data...
Thu Sep 21 01:25:15 2017
It's a vserver check!
Thu Sep 21 01:25:15 2017
Sending server response to client
Thu Sep 21 01:25:15 2017
Received client packet...
Thu Sep 21 01:25:15 2017
This must be the last message the client sends to the accounting server...
Thu Sep 21 01:25:15 2017
---end client handler---
Thu Sep 21 02:25:19 2017
---begin client handler---
Thu Sep 21 02:25:19 2017
Server key data successfully initialized...
Thu Sep 21 02:25:19 2017
allocating memory for input buffer...
Thu Sep 21 02:25:19 2017
Awaiting packet from client...
Thu Sep 21 02:25:19 2017
Received client packet...
Thu Sep 21 02:25:19 2017
This must be the Hello-Packet from the client...
Thu Sep 21 02:25:20 2017
Received client packet...
Thu Sep 21 02:25:20 2017
This must be the encrypted key from the client...
Thu Sep 21 02:25:21 2017
Key from client successfully decrypted...
Thu Sep 21 02:25:22 2017
Setting up local key material...
Thu Sep 21 02:25:22 2017
Received client packet...
Thu Sep 21 02:25:22 2017
This must be the encrypted client license data header...
Thu Sep 21 02:25:23 2017
Received client packet...
Thu Sep 21 02:25:23 2017
This must be the encrypted client license data...
Thu Sep 21 02:25:23 2017
It's a vserver check!
Thu Sep 21 02:25:23 2017
Sending server response to client
Thu Sep 21 02:25:23 2017
Received client packet...
Thu Sep 21 02:25:23 2017
This must be the last message the client sends to the accounting server...
Thu Sep 21 02:25:23 2017
---end client handler---
Thu Sep 21 03:25:26 2017
---begin client handler---
Thu Sep 21 03:25:26 2017
Server key data successfully initialized...
Thu Sep 21 03:25:26 2017
allocating memory for input buffer...
Thu Sep 21 03:25:26 2017
Awaiting packet from client...
Thu Sep 21 03:25:26 2017
Received client packet...
Thu Sep 21 03:25:26 2017
This must be the Hello-Packet from the client...
Thu Sep 21 03:25:27 2017
Received client packet...
Thu Sep 21 03:25:27 2017
This must be the encrypted key from the client...
Thu Sep 21 03:25:28 2017
Key from client successfully decrypted...
Thu Sep 21 03:25:29 2017
Setting up local key material...
Thu Sep 21 03:25:29 2017
Received client packet...
Thu Sep 21 03:25:29 2017
This must be the encrypted client license data header...
Thu Sep 21 03:25:30 2017
Received client packet...
Thu Sep 21 03:25:30 2017
This must be the encrypted client license data...
Thu Sep 21 03:25:30 2017
It's a vserver check!
Thu Sep 21 03:25:30 2017
Sending server response to client
Thu Sep 21 03:25:30 2017
Received client packet...
Thu Sep 21 03:25:30 2017
This must be the last message the client sends to the accounting server...
Thu Sep 21 03:25:30 2017
---end client handler---
Thu Sep 21 04:25:34 2017
---begin client handler---
Thu Sep 21 04:25:34 2017
Server key data successfully initialized...
Thu Sep 21 04:25:34 2017
allocating memory for input buffer...
Thu Sep 21 04:25:34 2017
Awaiting packet from client...
Thu Sep 21 04:25:34 2017
Received client packet...
Thu Sep 21 04:25:34 2017
This must be the Hello-Packet from the client...
Thu Sep 21 04:25:35 2017
Received client packet...
Thu Sep 21 04:25:35 2017
This must be the encrypted key from the client...
Thu Sep 21 04:25:36 2017
Key from client successfully decrypted...
Thu Sep 21 04:25:37 2017
Setting up local key material...
Thu Sep 21 04:25:37 2017
Received client packet...
Thu Sep 21 04:25:37 2017
This must be the encrypted client license data header...
Thu Sep 21 04:25:38 2017
Received client packet...
Thu Sep 21 04:25:38 2017
This must be the encrypted client license data...
Thu Sep 21 04:25:38 2017
It's a vserver check!
Thu Sep 21 04:25:38 2017
Sending server response to client
Thu Sep 21 04:25:38 2017
Received client packet...
Thu Sep 21 04:25:38 2017
This must be the last message the client sends to the accounting server...
Thu Sep 21 04:25:38 2017
---end client handler---
Thu Sep 21 05:25:42 2017
---begin client handler---
Thu Sep 21 05:25:42 2017
Server key data successfully initialized...
Thu Sep 21 05:25:42 2017
allocating memory for input buffer...
Thu Sep 21 05:25:42 2017
Awaiting packet from client...
Thu Sep 21 05:25:42 2017
Received client packet...
Thu Sep 21 05:25:42 2017
This must be the Hello-Packet from the client...
Thu Sep 21 05:25:43 2017
Received client packet...
Thu Sep 21 05:25:43 2017
This must be the encrypted key from the client...
Thu Sep 21 05:25:44 2017
Key from client successfully decrypted...
Thu Sep 21 05:25:45 2017
Setting up local key material...
Thu Sep 21 05:25:45 2017
Received client packet...
Thu Sep 21 05:25:45 2017
This must be the encrypted client license data header...
Thu Sep 21 05:25:46 2017
Received client packet...
Thu Sep 21 05:25:46 2017
This must be the encrypted client license data...
Thu Sep 21 05:25:46 2017
It's a vserver check!
Thu Sep 21 05:25:46 2017
Sending server response to client
Thu Sep 21 05:25:46 2017
Received client packet...
Thu Sep 21 05:25:46 2017
This must be the last message the client sends to the accounting server...
Thu Sep 21 05:25:46 2017
---end client handler---
Thu Sep 21 06:25:50 2017
---begin client handler---
Thu Sep 21 06:25:50 2017
Server key data successfully initialized...
Thu Sep 21 06:25:50 2017
allocating memory for input buffer...
Thu Sep 21 06:25:50 2017
Awaiting packet from client...
Thu Sep 21 06:25:50 2017
Received client packet...
Thu Sep 21 06:25:50 2017
This must be the Hello-Packet from the client...
Thu Sep 21 06:25:51 2017
Received client packet...
Thu Sep 21 06:25:51 2017
This must be the encrypted key from the client...
Thu Sep 21 06:25:52 2017
Key from client successfully decrypted...
Thu Sep 21 06:25:53 2017
Setting up local key material...
Thu Sep 21 06:25:53 2017
Received client packet...
Thu Sep 21 06:25:53 2017
This must be the encrypted client license data header...
Thu Sep 21 06:25:54 2017
Received client packet...
Thu Sep 21 06:25:54 2017
This must be the encrypted client license data...
Thu Sep 21 06:25:54 2017
It's a vserver check!
Thu Sep 21 06:25:54 2017
Sending server response to client
Thu Sep 21 06:25:54 2017
Received client packet...
Thu Sep 21 06:25:54 2017
This must be the last message the client sends to the accounting server...
Thu Sep 21 06:25:54 2017
---end client handler---
Thu Sep 21 07:25:58 2017
---begin client handler---
Thu Sep 21 07:25:58 2017
Server key data successfully initialized...
Thu Sep 21 07:25:58 2017
allocating memory for input buffer...
Thu Sep 21 07:25:58 2017
Awaiting packet from client...
Thu Sep 21 07:25:58 2017
Received client packet...
Thu Sep 21 07:25:58 2017
This must be the Hello-Packet from the client...
Thu Sep 21 07:25:59 2017
Received client packet...
Thu Sep 21 07:25:59 2017
This must be the encrypted key from the client...
Thu Sep 21 07:26:00 2017
Key from client successfully decrypted...
Thu Sep 21 07:26:01 2017
Setting up local key material...
Thu Sep 21 07:26:01 2017
Received client packet...
Thu Sep 21 07:26:01 2017
This must be the encrypted client license data header...
Thu Sep 21 07:26:02 2017
Received client packet...
Thu Sep 21 07:26:02 2017
This must be the encrypted client license data...
Thu Sep 21 07:26:02 2017
It's a vserver check!
Thu Sep 21 07:26:02 2017
Sending server response to client
Thu Sep 21 07:26:02 2017
Received client packet...
Thu Sep 21 07:26:02 2017
This must be the last message the client sends to the accounting server...
Thu Sep 21 07:26:02 2017
---end client handler---
Thu Sep 21 08:26:06 2017
---begin client handler---
Thu Sep 21 08:26:06 2017
Server key data successfully initialized...
Thu Sep 21 08:26:06 2017
allocating memory for input buffer...
Thu Sep 21 08:26:06 2017
Awaiting packet from client...
Thu Sep 21 08:26:06 2017
Received client packet...
Thu Sep 21 08:26:06 2017
This must be the Hello-Packet from the client...
Thu Sep 21 08:26:07 2017
Received client packet...
Thu Sep 21 08:26:07 2017
This must be the encrypted key from the client...
Thu Sep 21 08:26:08 2017
Key from client successfully decrypted...
Thu Sep 21 08:26:09 2017
Setting up local key material...
Thu Sep 21 08:26:09 2017
Received client packet...
Thu Sep 21 08:26:09 2017
This must be the encrypted client license data header...
Thu Sep 21 08:26:10 2017
Received client packet...
Thu Sep 21 08:26:10 2017
This must be the encrypted client license data...
Thu Sep 21 08:26:10 2017
It's a vserver check!
Thu Sep 21 08:26:10 2017
Sending server response to client
Thu Sep 21 08:26:10 2017
Received client packet...
Thu Sep 21 08:26:10 2017
This must be the last message the client sends to the accounting server...
Thu Sep 21 08:26:10 2017
---end client handler---
Thu Sep 21 09:26:14 2017
---begin client handler---
Thu Sep 21 09:26:14 2017
Server key data successfully initialized...
Thu Sep 21 09:26:14 2017
allocating memory for input buffer...
Thu Sep 21 09:26:14 2017
Awaiting packet from client...
Thu Sep 21 09:26:14 2017
Received client packet...
Thu Sep 21 09:26:14 2017
This must be the Hello-Packet from the client...
Thu Sep 21 09:26:15 2017
Received client packet...
Thu Sep 21 09:26:15 2017
This must be the encrypted key from the client...
Thu Sep 21 09:26:16 2017
Key from client successfully decrypted...
Thu Sep 21 09:26:17 2017
Setting up local key material...
Thu Sep 21 09:26:17 2017
Received client packet...
Thu Sep 21 09:26:17 2017
This must be the encrypted client license data header...
Thu Sep 21 09:26:18 2017
Received client packet...
Thu Sep 21 09:26:18 2017
This must be the encrypted client license data...
Thu Sep 21 09:26:18 2017
It's a vserver check!
Thu Sep 21 09:26:18 2017
Sending server response to client
Thu Sep 21 09:26:18 2017
Received client packet...
Thu Sep 21 09:26:18 2017
This must be the last message the client sends to the accounting server...
Thu Sep 21 09:26:18 2017
---end client handler---
Thu Sep 21 10:26:22 2017
---begin client handler---
Thu Sep 21 10:26:22 2017
Server key data successfully initialized...
Thu Sep 21 10:26:22 2017
allocating memory for input buffer...
Thu Sep 21 10:26:22 2017
Awaiting packet from client...
Thu Sep 21 10:26:22 2017
Received client packet...
Thu Sep 21 10:26:22 2017
This must be the Hello-Packet from the client...
Thu Sep 21 10:26:23 2017
Received client packet...
Thu Sep 21 10:26:23 2017
This must be the encrypted key from the client...
Thu Sep 21 10:26:24 2017
Key from client successfully decrypted...
Thu Sep 21 10:26:25 2017
Setting up local key material...
Thu Sep 21 10:26:25 2017
Received client packet...
Thu Sep 21 10:26:25 2017
This must be the encrypted client license data header...
Thu Sep 21 10:26:26 2017
Received client packet...
Thu Sep 21 10:26:26 2017
This must be the encrypted client license data...
Thu Sep 21 10:26:26 2017
It's a vserver check!
Thu Sep 21 10:26:26 2017
Sending server response to client
Thu Sep 21 10:26:26 2017
Received client packet...
Thu Sep 21 10:26:26 2017
This must be the last message the client sends to the accounting server...
Thu Sep 21 10:26:26 2017
---end client handler---
Thu Sep 21 11:26:30 2017
---begin client handler---
Thu Sep 21 11:26:30 2017
Server key data successfully initialized...
Thu Sep 21 11:26:30 2017
allocating memory for input buffer...
Thu Sep 21 11:26:30 2017
Awaiting packet from client...
Thu Sep 21 11:26:30 2017
Received client packet...
Thu Sep 21 11:26:30 2017
This must be the Hello-Packet from the client...
Thu Sep 21 11:26:31 2017
Received client packet...
Thu Sep 21 11:26:31 2017
This must be the encrypted key from the client...
Thu Sep 21 11:26:32 2017
Key from client successfully decrypted...
Thu Sep 21 11:26:33 2017
Setting up local key material...
Thu Sep 21 11:26:33 2017
Received client packet...
Thu Sep 21 11:26:33 2017
This must be the encrypted client license data header...
Thu Sep 21 11:26:34 2017
Received client packet...
Thu Sep 21 11:26:34 2017
This must be the encrypted client license data...
Thu Sep 21 11:26:34 2017
It's a vserver check!
Thu Sep 21 11:26:34 2017
Sending server response to client
Thu Sep 21 11:26:34 2017
Received client packet...
Thu Sep 21 11:26:34 2017
This must be the last message the client sends to the accounting server...
Thu Sep 21 11:26:34 2017
---end client handler---
Thu Sep 21 12:26:38 2017
---begin client handler---
Thu Sep 21 12:26:38 2017
Server key data successfully initialized...
Thu Sep 21 12:26:38 2017
allocating memory for input buffer...
Thu Sep 21 12:26:38 2017
Awaiting packet from client...
Thu Sep 21 12:26:38 2017
Received client packet...
Thu Sep 21 12:26:38 2017
This must be the Hello-Packet from the client...
Thu Sep 21 12:26:39 2017
Received client packet...
Thu Sep 21 12:26:39 2017
This must be the encrypted key from the client...
Thu Sep 21 12:26:40 2017
Key from client successfully decrypted...
Thu Sep 21 12:26:41 2017
Setting up local key material...
Thu Sep 21 12:26:41 2017
Received client packet...
Thu Sep 21 12:26:41 2017
This must be the encrypted client license data header...
Thu Sep 21 12:26:42 2017
Received client packet...
Thu Sep 21 12:26:42 2017
This must be the encrypted client license data...
Thu Sep 21 12:26:42 2017
It's a vserver check!
Thu Sep 21 12:26:42 2017
Sending server response to client
Thu Sep 21 12:26:42 2017
Received client packet...
Thu Sep 21 12:26:42 2017
This must be the last message the client sends to the accounting server...
Thu Sep 21 12:26:42 2017
---end client handler---
Thu Sep 21 13:26:45 2017
---begin client handler---
Thu Sep 21 13:26:45 2017
Server key data successfully initialized...
Thu Sep 21 13:26:45 2017
allocating memory for input buffer...
Thu Sep 21 13:26:45 2017
Awaiting packet from client...
Thu Sep 21 13:26:45 2017
Received client packet...
Thu Sep 21 13:26:45 2017
This must be the Hello-Packet from the client...
Thu Sep 21 13:26:46 2017
Received client packet...
Thu Sep 21 13:26:46 2017
This must be the encrypted key from the client...
Thu Sep 21 13:26:47 2017
Key from client successfully decrypted...
Thu Sep 21 13:26:48 2017
Setting up local key material...
Thu Sep 21 13:26:48 2017
Received client packet...
Thu Sep 21 13:26:48 2017
This must be the encrypted client license data header...
Thu Sep 21 13:26:49 2017
Received client packet...
Thu Sep 21 13:26:49 2017
This must be the encrypted client license data...
Thu Sep 21 13:26:49 2017
It's a vserver check!
Thu Sep 21 13:26:49 2017
Sending server response to client
Thu Sep 21 13:26:49 2017
Received client packet...
Thu Sep 21 13:26:49 2017
This must be the last message the client sends to the accounting server...
Thu Sep 21 13:26:49 2017
---end client handler---
Thu Sep 21 14:26:53 2017
---begin client handler---
Thu Sep 21 14:26:53 2017
Server key data successfully initialized...
Thu Sep 21 14:26:53 2017
allocating memory for input buffer...
Thu Sep 21 14:26:53 2017
Awaiting packet from client...
Thu Sep 21 14:26:53 2017
Received client packet...
Thu Sep 21 14:26:53 2017
This must be the Hello-Packet from the client...
Thu Sep 21 14:26:54 2017
Received client packet...
Thu Sep 21 14:26:54 2017
This must be the encrypted key from the client...
Thu Sep 21 14:26:55 2017
Key from client successfully decrypted...
Thu Sep 21 14:26:56 2017
Setting up local key material...
Thu Sep 21 14:26:56 2017
Received client packet...
Thu Sep 21 14:26:56 2017
This must be the encrypted client license data header...
Thu Sep 21 14:26:57 2017
Received client packet...
Thu Sep 21 14:26:57 2017
This must be the encrypted client license data...
Thu Sep 21 14:26:57 2017
It's a vserver check!
Thu Sep 21 14:26:57 2017
Sending server response to client
Thu Sep 21 14:26:57 2017
Received client packet...
Thu Sep 21 14:26:57 2017
This must be the last message the client sends to the accounting server...
Thu Sep 21 14:26:57 2017
---end client handler---
Thu Sep 21 15:27:01 2017
---begin client handler---
Thu Sep 21 15:27:01 2017
Server key data successfully initialized...
Thu Sep 21 15:27:01 2017
allocating memory for input buffer...
Thu Sep 21 15:27:01 2017
Awaiting packet from client...
Thu Sep 21 15:27:01 2017
Received client packet...
Thu Sep 21 15:27:01 2017
This must be the Hello-Packet from the client...
Thu Sep 21 15:27:02 2017
Received client packet...
Thu Sep 21 15:27:02 2017
This must be the encrypted key from the client...
Thu Sep 21 15:27:03 2017
Key from client successfully decrypted...
Thu Sep 21 15:27:04 2017
Setting up local key material...
Thu Sep 21 15:27:04 2017
Received client packet...
Thu Sep 21 15:27:04 2017
This must be the encrypted client license data header...
Thu Sep 21 15:27:05 2017
Received client packet...
Thu Sep 21 15:27:05 2017
This must be the encrypted client license data...
Thu Sep 21 15:27:05 2017
It's a vserver check!
Thu Sep 21 15:27:05 2017
Sending server response to client
Thu Sep 21 15:27:05 2017
Received client packet...
Thu Sep 21 15:27:05 2017
This must be the last message the client sends to the accounting server...
Thu Sep 21 15:27:05 2017
---end client handler---
Thu Sep 21 16:27:09 2017
---begin client handler---
Thu Sep 21 16:27:09 2017
Server key data successfully initialized...
Thu Sep 21 16:27:09 2017
allocating memory for input buffer...
Thu Sep 21 16:27:09 2017
Awaiting packet from client...
Thu Sep 21 16:27:09 2017
Received client packet...
Thu Sep 21 16:27:09 2017
This must be the Hello-Packet from the client...
Thu Sep 21 16:27:10 2017
Received client packet...
Thu Sep 21 16:27:10 2017
This must be the encrypted key from the client...
Thu Sep 21 16:27:11 2017
Key from client successfully decrypted...
Thu Sep 21 16:27:12 2017
Setting up local key material...
Thu Sep 21 16:27:12 2017
Received client packet...
Thu Sep 21 16:27:12 2017
This must be the encrypted client license data header...
Thu Sep 21 16:27:13 2017
Received client packet...
Thu Sep 21 16:27:13 2017
This must be the encrypted client license data...
Thu Sep 21 16:27:13 2017
It's a vserver check!
Thu Sep 21 16:27:13 2017
Sending server response to client
Thu Sep 21 16:27:13 2017
Received client packet...
Thu Sep 21 16:27:13 2017
This must be the last message the client sends to the accounting server...
Thu Sep 21 16:27:13 2017
---end client handler---
Thu Sep 21 17:27:17 2017
---begin client handler---
Thu Sep 21 17:27:17 2017
Server key data successfully initialized...
Thu Sep 21 17:27:17 2017
allocating memory for input buffer...
Thu Sep 21 17:27:17 2017
Awaiting packet from client...
Thu Sep 21 17:27:17 2017
Received client packet...
Thu Sep 21 17:27:17 2017
This must be the Hello-Packet from the client...
Thu Sep 21 17:27:18 2017
Received client packet...
Thu Sep 21 17:27:18 2017
This must be the encrypted key from the client...
Thu Sep 21 17:27:19 2017
Key from client successfully decrypted...
Thu Sep 21 17:27:20 2017
Setting up local key material...
Thu Sep 21 17:27:20 2017
Received client packet...
Thu Sep 21 17:27:20 2017
This must be the encrypted client license data header...
Thu Sep 21 17:27:21 2017
Received client packet...
Thu Sep 21 17:27:21 2017
This must be the encrypted client license data...
Thu Sep 21 17:27:21 2017
It's a vserver check!
Thu Sep 21 17:27:21 2017
Sending server response to client
Thu Sep 21 17:27:21 2017
Received client packet...
Thu Sep 21 17:27:21 2017
This must be the last message the client sends to the accounting server...
Thu Sep 21 17:27:21 2017
---end client handler---
Thu Sep 21 18:27:25 2017
---begin client handler---
Thu Sep 21 18:27:25 2017
Server key data successfully initialized...
Thu Sep 21 18:27:25 2017
allocating memory for input buffer...
Thu Sep 21 18:27:25 2017
Awaiting packet from client...
Thu Sep 21 18:27:25 2017
Received client packet...
Thu Sep 21 18:27:25 2017
This must be the Hello-Packet from the client...
Thu Sep 21 18:27:26 2017
Received client packet...
Thu Sep 21 18:27:26 2017
This must be the encrypted key from the client...
Thu Sep 21 18:27:27 2017
Key from client successfully decrypted...
Thu Sep 21 18:27:28 2017
Setting up local key material...
Thu Sep 21 18:27:28 2017
Received client packet...
Thu Sep 21 18:27:28 2017
This must be the encrypted client license data header...
Thu Sep 21 18:27:29 2017
Received client packet...
Thu Sep 21 18:27:29 2017
This must be the encrypted client license data...
Thu Sep 21 18:27:29 2017
It's a vserver check!
Thu Sep 21 18:27:29 2017
Sending server response to client
Thu Sep 21 18:27:29 2017
Received client packet...
Thu Sep 21 18:27:29 2017
This must be the last message the client sends to the accounting server...
Thu Sep 21 18:27:29 2017
---end client handler---
Thu Sep 21 19:27:32 2017
---begin client handler---
Thu Sep 21 19:27:32 2017
Server key data successfully initialized...
Thu Sep 21 19:27:32 2017
allocating memory for input buffer...
Thu Sep 21 19:27:32 2017
Awaiting packet from client...
Thu Sep 21 19:27:32 2017
Received client packet...
Thu Sep 21 19:27:32 2017
This must be the Hello-Packet from the client...
Thu Sep 21 19:27:33 2017
Received client packet...
Thu Sep 21 19:27:33 2017
This must be the encrypted key from the client...
Thu Sep 21 19:27:34 2017
Key from client successfully decrypted...
Thu Sep 21 19:27:35 2017
Setting up local key material...
Thu Sep 21 19:27:35 2017
Received client packet...
Thu Sep 21 19:27:35 2017
This must be the encrypted client license data header...
Thu Sep 21 19:27:36 2017
Received client packet...
Thu Sep 21 19:27:36 2017
This must be the encrypted client license data...
Thu Sep 21 19:27:36 2017
It's a vserver check!
Thu Sep 21 19:27:36 2017
Sending server response to client
Thu Sep 21 19:27:36 2017
Received client packet...
Thu Sep 21 19:27:36 2017
This must be the last message the client sends to the accounting server...
Thu Sep 21 19:27:36 2017
---end client handler---
Thu Sep 21 20:27:40 2017
---begin client handler---
Thu Sep 21 20:27:40 2017
Server key data successfully initialized...
Thu Sep 21 20:27:40 2017
allocating memory for input buffer...
Thu Sep 21 20:27:40 2017
Awaiting packet from client...
Thu Sep 21 20:27:40 2017
Received client packet...
Thu Sep 21 20:27:40 2017
This must be the Hello-Packet from the client...
Thu Sep 21 20:27:41 2017
Received client packet...
Thu Sep 21 20:27:41 2017
This must be the encrypted key from the client...
Thu Sep 21 20:27:42 2017
Key from client successfully decrypted...
Thu Sep 21 20:27:43 2017
Setting up local key material...
Thu Sep 21 20:27:43 2017
Received client packet...
Thu Sep 21 20:27:43 2017
This must be the encrypted client license data header...
Thu Sep 21 20:27:44 2017
Received client packet...
Thu Sep 21 20:27:44 2017
This must be the encrypted client license data...
Thu Sep 21 20:27:44 2017
It's a vserver check!
Thu Sep 21 20:27:44 2017
Sending server response to client
Thu Sep 21 20:27:44 2017
Received client packet...
Thu Sep 21 20:27:44 2017
This must be the last message the client sends to the accounting server...
Thu Sep 21 20:27:44 2017
---end client handler---
Thu Sep 21 21:27:48 2017
---begin client handler---
Thu Sep 21 21:27:48 2017
Server key data successfully initialized...
Thu Sep 21 21:27:48 2017
allocating memory for input buffer...
Thu Sep 21 21:27:48 2017
Awaiting packet from client...
Thu Sep 21 21:27:48 2017
Received client packet...
Thu Sep 21 21:27:48 2017
This must be the Hello-Packet from the client...
Thu Sep 21 21:27:49 2017
Received client packet...
Thu Sep 21 21:27:49 2017
This must be the encrypted key from the client...
Thu Sep 21 21:27:50 2017
Key from client successfully decrypted...
Thu Sep 21 21:27:51 2017
Setting up local key material...
Thu Sep 21 21:27:51 2017
Received client packet...
Thu Sep 21 21:27:51 2017
This must be the encrypted client license data header...
Thu Sep 21 21:27:52 2017
Received client packet...
Thu Sep 21 21:27:52 2017
This must be the encrypted client license data...
Thu Sep 21 21:27:52 2017
It's a vserver check!
Thu Sep 21 21:27:52 2017
Sending server response to client
Thu Sep 21 21:27:52 2017
Received client packet...
Thu Sep 21 21:27:52 2017
This must be the last message the client sends to the accounting server...
Thu Sep 21 21:27:52 2017
---end client handler---
Thu Sep 21 22:27:56 2017
---begin client handler---
Thu Sep 21 22:27:56 2017
Server key data successfully initialized...
Thu Sep 21 22:27:56 2017
allocating memory for input buffer...
Thu Sep 21 22:27:56 2017
Awaiting packet from client...
Thu Sep 21 22:27:56 2017
Received client packet...
Thu Sep 21 22:27:56 2017
This must be the Hello-Packet from the client...
Thu Sep 21 22:27:57 2017
Received client packet...
Thu Sep 21 22:27:57 2017
This must be the encrypted key from the client...
Thu Sep 21 22:27:58 2017
Key from client successfully decrypted...
Thu Sep 21 22:27:59 2017
Setting up local key material...
Thu Sep 21 22:27:59 2017
Received client packet...
Thu Sep 21 22:27:59 2017
This must be the encrypted client license data header...
Thu Sep 21 22:28:00 2017
Received client packet...
Thu Sep 21 22:28:00 2017
This must be the encrypted client license data...
Thu Sep 21 22:28:00 2017
It's a vserver check!
Thu Sep 21 22:28:00 2017
Sending server response to client
Thu Sep 21 22:28:00 2017
Received client packet...
Thu Sep 21 22:28:00 2017
This must be the last message the client sends to the accounting server...
Thu Sep 21 22:28:00 2017
---end client handler---
Thu Sep 21 23:25:16 2017
Terminating...
