2017-07-03 00:40:50.383350|INFO    |VirtualServer |  5| listening on 0.0.0.0:6969
2017-07-03 00:40:50.383957|INFO    |VirtualServer |  5| client 'server'(id:0) added privilege key for servergroup 'Server Admin'(id:54)
2017-07-03 00:40:50.383989|WARNING |VirtualServer |  5| --------------------------------------------------------
2017-07-03 00:40:50.384011|WARNING |VirtualServer |  5| ServerAdmin privilege key created, please use the line below
2017-07-03 00:40:50.384032|WARNING |VirtualServer |  5| token=cpRnkQToRZpkErgR2gbH3dDnGkEo9S+T8UdL5BXV
2017-07-03 00:40:50.384052|WARNING |VirtualServer |  5| --------------------------------------------------------
2017-07-03 00:48:52.394081|INFO    |VirtualServer |  5| client (id:97) was added to servergroup 'Server Admin'(id:54) by client 'serveradmin from 186.224.187.251:54219'(id:1)
2017-07-03 00:48:58.830260|INFO    |VirtualServer |  5| client (id:95) was added to servergroup 'Admin Server Query'(id:2) by client 'serveradmin from 186.224.187.251:54219'(id:1)
2017-07-03 19:03:44.309449|INFO    |VirtualServer |  5| client (id:111) was added to servergroup 'Server Admin'(id:54) by client 'Saurin'(id:97)
2017-07-03 19:26:16.844482|INFO    |VirtualServer |  5| servergroup 'Normal'(id:55) was renamed to 'Auxiliar' by '#                         ac1d'(id:111)
2017-07-03 19:26:59.352065|INFO    |VirtualServer |  5| servergroup 'Guest'(id:56) was renamed to 'Me Registra' by '#                         ac1d'(id:111)
2017-07-03 19:27:44.069373|INFO    |VirtualServer |  5| servergroup '--------------Tags-----------'(id:57) was added by '#                         ac1d'(id:111)
2017-07-03 19:27:52.982264|INFO    |VirtualServer |  5| servergroup '...'(id:58) was added by '#                         ac1d'(id:111)
2017-07-03 19:28:06.052470|INFO    |VirtualServer |  5| permission 'i_group_needed_member_add_power'(id:164) with values (value:25, negated:0, skipchannel:0) was added by '#                         ac1d'(id:111) to servergroup '...'(id:58)
2017-07-03 19:28:15.543607|INFO    |VirtualServer |  5| permission 'i_group_needed_member_remove_power'(id:166) with values (value:25, negated:0, skipchannel:0) was added by '#                         ac1d'(id:111) to servergroup '...'(id:58)
2017-07-03 19:28:34.013470|INFO    |VirtualServer |  5| servergroup '...'(id:58) was copied by '#                         ac1d'(id:111) to '... (Copiar)'(id:59)
2017-07-03 19:28:37.872506|INFO    |VirtualServer |  5| servergroup '... (Copiar)'(id:59) was copied by '#                         ac1d'(id:111) to '... (Copiar) (Copiar)'(id:60)
2017-07-03 19:28:38.137190|INFO    |VirtualServer |  5| servergroup '... (Copiar) (Copiar)'(id:60) was copied by '#                         ac1d'(id:111) to '... (Copiar) (Copiar) (Copiar)'(id:61)
2017-07-03 19:28:38.371873|INFO    |VirtualServer |  5| servergroup '... (Copiar) (Copiar) (Copiar)'(id:61) was copied by '#                         ac1d'(id:111) to '... (Copiar) (Copia (Copiar 2)'(id:62)
2017-07-03 19:28:39.345045|INFO    |VirtualServer |  5| servergroup '... (Copiar) (Copia (Copiar 2)'(id:62) was copied by '#                         ac1d'(id:111) to '... (Copiar) (Copia ( (Copiar)'(id:63)
2017-07-03 19:28:40.130411|INFO    |VirtualServer |  5| servergroup '... (Copiar) (Copia ( (Copiar)'(id:63) was copied by '#                         ac1d'(id:111) to '... (Copiar) (Copia (Copiar 3)'(id:64)
2017-07-03 19:28:40.357741|INFO    |VirtualServer |  5| servergroup '... (Copiar) (Copia (Copiar 3)'(id:64) was copied by '#                         ac1d'(id:111) to '... (Copiar) (Copia (Copiar 4)'(id:65)
2017-07-03 19:28:40.703942|INFO    |VirtualServer |  5| servergroup '... (Copiar) (Copia (Copiar 4)'(id:65) was copied by '#                         ac1d'(id:111) to '... (Copiar) (Copia (Copiar 5)'(id:66)
2017-07-03 19:28:40.988225|INFO    |VirtualServer |  5| servergroup '... (Copiar) (Copia (Copiar 5)'(id:66) was copied by '#                         ac1d'(id:111) to '... (Copiar) (Copia (Copiar 6)'(id:67)
2017-07-03 19:28:41.285884|INFO    |VirtualServer |  5| servergroup '... (Copiar) (Copia (Copiar 6)'(id:67) was copied by '#                         ac1d'(id:111) to '... (Copiar) (Copia (Copiar 7)'(id:68)
2017-07-03 19:28:41.562016|INFO    |VirtualServer |  5| servergroup '... (Copiar) (Copia (Copiar 7)'(id:68) was copied by '#                         ac1d'(id:111) to '... (Copiar) (Copia (Copiar 8)'(id:69)
2017-07-03 19:28:41.869184|INFO    |VirtualServer |  5| servergroup '... (Copiar) (Copia (Copiar 8)'(id:69) was copied by '#                         ac1d'(id:111) to '... (Copiar) (Copia (Copiar 9)'(id:70)
2017-07-03 19:28:42.141434|INFO    |VirtualServer |  5| servergroup '... (Copiar) (Copia (Copiar 9)'(id:70) was copied by '#                         ac1d'(id:111) to '... (Copiar) (Copi (Copiar 10)'(id:71)
2017-07-03 19:28:42.426432|INFO    |VirtualServer |  5| servergroup '... (Copiar) (Copi (Copiar 10)'(id:71) was copied by '#                         ac1d'(id:111) to '... (Copiar) (Copi (C (Copiar)'(id:72)
2017-07-03 19:28:42.721101|INFO    |VirtualServer |  5| servergroup '... (Copiar) (Copi (C (Copiar)'(id:72) was copied by '#                         ac1d'(id:111) to '... (Copiar) (Copi  (Copiar 2)'(id:73)
2017-07-03 19:28:43.120688|INFO    |VirtualServer |  5| servergroup '... (Copiar) (Copi  (Copiar 2)'(id:73) was copied by '#                         ac1d'(id:111) to '... (Copiar) (Copi  ( (Copiar)'(id:74)
2017-07-03 19:28:43.448066|INFO    |VirtualServer |  5| servergroup '... (Copiar) (Copi  ( (Copiar)'(id:74) was copied by '#                         ac1d'(id:111) to '... (Copiar) (Copi  (Copiar 3)'(id:75)
2017-07-03 19:28:43.746644|INFO    |VirtualServer |  5| servergroup '... (Copiar) (Copi  (Copiar 3)'(id:75) was copied by '#                         ac1d'(id:111) to '... (Copiar) (Copi  (Copiar 4)'(id:76)
2017-07-03 19:28:44.023987|INFO    |VirtualServer |  5| servergroup '... (Copiar) (Copi  (Copiar 4)'(id:76) was copied by '#                         ac1d'(id:111) to '... (Copiar) (Copi  (Copiar 5)'(id:77)
2017-07-03 19:28:44.297336|INFO    |VirtualServer |  5| servergroup '... (Copiar) (Copi  (Copiar 5)'(id:77) was copied by '#                         ac1d'(id:111) to '... (Copiar) (Copi  (Copiar 6)'(id:78)
2017-07-03 19:28:44.589713|INFO    |VirtualServer |  5| servergroup '... (Copiar) (Copi  (Copiar 6)'(id:78) was copied by '#                         ac1d'(id:111) to '... (Copiar) (Copi  (Copiar 7)'(id:79)
2017-07-03 19:28:44.930004|INFO    |VirtualServer |  5| servergroup '... (Copiar) (Copi  (Copiar 7)'(id:79) was copied by '#                         ac1d'(id:111) to '... (Copiar) (Copi  (Copiar 8)'(id:80)
2017-07-03 19:28:45.224821|INFO    |VirtualServer |  5| servergroup '... (Copiar) (Copi  (Copiar 8)'(id:80) was copied by '#                         ac1d'(id:111) to '... (Copiar) (Copi  (Copiar 9)'(id:81)
2017-07-03 19:28:45.636941|INFO    |VirtualServer |  5| servergroup '... (Copiar) (Copi  (Copiar 9)'(id:81) was copied by '#                         ac1d'(id:111) to '... (Copiar) (Copi (Copiar 11)'(id:82)
2017-07-03 19:28:45.954649|INFO    |VirtualServer |  5| servergroup '... (Copiar) (Copi (Copiar 11)'(id:82) was copied by '#                         ac1d'(id:111) to '... (Copiar) (Copi (Copiar 12)'(id:83)
2017-07-03 19:28:46.360433|INFO    |VirtualServer |  5| servergroup '... (Copiar) (Copi (Copiar 12)'(id:83) was copied by '#                         ac1d'(id:111) to '... (Copiar) (Copi (Copiar 13)'(id:84)
2017-07-03 19:28:46.708152|INFO    |VirtualServer |  5| servergroup '... (Copiar) (Copi (Copiar 13)'(id:84) was copied by '#                         ac1d'(id:111) to '... (Copiar) (Copi (Copiar 14)'(id:85)
2017-07-03 19:28:47.063071|INFO    |VirtualServer |  5| servergroup '... (Copiar) (Copi (Copiar 14)'(id:85) was copied by '#                         ac1d'(id:111) to '... (Copiar) (Copi (Copiar 15)'(id:86)
2017-07-03 19:28:47.349786|INFO    |VirtualServer |  5| servergroup '... (Copiar) (Copi (Copiar 15)'(id:86) was copied by '#                         ac1d'(id:111) to '... (Copiar) (Copi (Copiar 16)'(id:87)
2017-07-03 19:28:47.703576|INFO    |VirtualServer |  5| servergroup '... (Copiar) (Copi (Copiar 16)'(id:87) was copied by '#                         ac1d'(id:111) to '... (Copiar) (Copi (Copiar 17)'(id:88)
2017-07-03 19:28:48.369994|INFO    |VirtualServer |  5| servergroup '... (Copiar) (Copi (Copiar 17)'(id:88) was copied by '#                         ac1d'(id:111) to '... (Copiar) (Copi (Copiar 18)'(id:89)
2017-07-03 19:28:48.696958|INFO    |VirtualServer |  5| servergroup '... (Copiar) (Copi (Copiar 18)'(id:89) was copied by '#                         ac1d'(id:111) to '... (Copiar) (Copi (Copiar 19)'(id:90)
2017-07-03 19:28:48.963462|INFO    |VirtualServer |  5| servergroup '... (Copiar) (Copi (Copiar 19)'(id:90) was copied by '#                         ac1d'(id:111) to '... (Copiar) (Copi (Copiar 20)'(id:91)
2017-07-03 19:28:49.308203|INFO    |VirtualServer |  5| servergroup '... (Copiar) (Copi (Copiar 20)'(id:91) was copied by '#                         ac1d'(id:111) to '... (Copiar) (Copi (Copiar 21)'(id:92)
2017-07-03 19:28:49.812015|INFO    |VirtualServer |  5| servergroup '... (Copiar) (Copi (Copiar 21)'(id:92) was copied by '#                         ac1d'(id:111) to '... (Copiar) (Copi (Copiar 22)'(id:93)
2017-07-03 19:28:50.044402|INFO    |VirtualServer |  5| servergroup '... (Copiar) (Copi (Copiar 22)'(id:93) was copied by '#                         ac1d'(id:111) to '... (Copiar) (Copi (Copiar 23)'(id:94)
2017-07-03 19:28:50.488642|INFO    |VirtualServer |  5| servergroup '... (Copiar) (Copi (Copiar 23)'(id:94) was copied by '#                         ac1d'(id:111) to '... (Copiar) (Copi (Copiar 24)'(id:95)
2017-07-03 19:28:50.769912|INFO    |VirtualServer |  5| servergroup '... (Copiar) (Copi (Copiar 24)'(id:95) was copied by '#                         ac1d'(id:111) to '... (Copiar) (Copi (Copiar 25)'(id:96)
2017-07-03 19:28:51.173070|INFO    |VirtualServer |  5| servergroup '... (Copiar) (Copi (Copiar 25)'(id:96) was copied by '#                         ac1d'(id:111) to '... (Copiar) (Copi (Copiar 26)'(id:97)
2017-07-03 19:28:51.562058|INFO    |VirtualServer |  5| servergroup '... (Copiar) (Copi (Copiar 26)'(id:97) was copied by '#                         ac1d'(id:111) to '... (Copiar) (Copi (Copiar 27)'(id:98)
2017-07-03 19:28:51.920669|INFO    |VirtualServer |  5| servergroup '... (Copiar) (Copi (Copiar 27)'(id:98) was copied by '#                         ac1d'(id:111) to '... (Copiar) (Copi (Copiar 28)'(id:99)
2017-07-03 19:28:52.283252|INFO    |VirtualServer |  5| servergroup '... (Copiar) (Copi (Copiar 28)'(id:99) was copied by '#                         ac1d'(id:111) to '... (Copiar) (Copi (Copiar 29)'(id:100)
2017-07-03 19:28:52.778845|INFO    |VirtualServer |  5| servergroup '... (Copiar) (Copi (Copiar 29)'(id:100) was copied by '#                         ac1d'(id:111) to '... (Copiar) (Copi (Copiar 30)'(id:101)
2017-07-03 19:28:53.102888|INFO    |VirtualServer |  5| servergroup '... (Copiar) (Copi (Copiar 30)'(id:101) was copied by '#                         ac1d'(id:111) to '... (Copiar) (Copi (Copiar 31)'(id:102)
2017-07-03 19:28:53.445277|INFO    |VirtualServer |  5| servergroup '... (Copiar) (Copi (Copiar 31)'(id:102) was copied by '#                         ac1d'(id:111) to '... (Copiar) (Copi (Copiar 32)'(id:103)
2017-07-03 19:28:53.721147|INFO    |VirtualServer |  5| servergroup '... (Copiar) (Copi (Copiar 32)'(id:103) was copied by '#                         ac1d'(id:111) to '... (Copiar) (Copi (Copiar 33)'(id:104)
2017-07-03 19:28:53.988839|INFO    |VirtualServer |  5| servergroup '... (Copiar) (Copi (Copiar 33)'(id:104) was copied by '#                         ac1d'(id:111) to '... (Copiar) (Copi (Copiar 34)'(id:105)
2017-07-03 19:28:54.236482|INFO    |VirtualServer |  5| servergroup '... (Copiar) (Copi (Copiar 34)'(id:105) was copied by '#                         ac1d'(id:111) to '... (Copiar) (Copi (Copiar 35)'(id:106)
2017-07-03 19:28:54.574661|INFO    |VirtualServer |  5| servergroup '... (Copiar) (Copi (Copiar 35)'(id:106) was copied by '#                         ac1d'(id:111) to '... (Copiar) (Copi (Copiar 36)'(id:107)
2017-07-03 19:28:54.944645|INFO    |VirtualServer |  5| servergroup '... (Copiar) (Copi (Copiar 36)'(id:107) was copied by '#                         ac1d'(id:111) to '... (Copiar) (Copi (Copiar 37)'(id:108)
2017-07-03 19:28:55.286340|INFO    |VirtualServer |  5| servergroup '... (Copiar) (Copi (Copiar 37)'(id:108) was copied by '#                         ac1d'(id:111) to '... (Copiar) (Copi (Copiar 38)'(id:109)
2017-07-03 19:28:55.572949|INFO    |VirtualServer |  5| servergroup '... (Copiar) (Copi (Copiar 38)'(id:109) was copied by '#                         ac1d'(id:111) to '... (Copiar) (Copi (Copiar 39)'(id:110)
2017-07-03 19:28:56.122799|INFO    |VirtualServer |  5| servergroup '... (Copiar) (Copi (Copiar 39)'(id:110) was copied by '#                         ac1d'(id:111) to '... (Copiar) (Copi (Copiar 40)'(id:111)
2017-07-03 19:28:56.702530|INFO    |VirtualServer |  5| servergroup '... (Copiar) (Copi (Copiar 40)'(id:111) was copied by '#                         ac1d'(id:111) to '... (Copiar) (Copi (Copiar 41)'(id:112)
2017-07-03 19:28:57.117934|INFO    |VirtualServer |  5| servergroup '... (Copiar) (Copi (Copiar 41)'(id:112) was copied by '#                         ac1d'(id:111) to '... (Copiar) (Copi (Copiar 42)'(id:113)
2017-07-03 19:28:57.394265|INFO    |VirtualServer |  5| servergroup '... (Copiar) (Copi (Copiar 42)'(id:113) was copied by '#                         ac1d'(id:111) to '... (Copiar) (Copi (Copiar 43)'(id:114)
2017-07-03 19:28:57.792206|INFO    |VirtualServer |  5| servergroup '... (Copiar) (Copi (Copiar 43)'(id:114) was copied by '#                         ac1d'(id:111) to '... (Copiar) (Copi (Copiar 44)'(id:115)
2017-07-03 19:28:58.112891|INFO    |VirtualServer |  5| servergroup '... (Copiar) (Copi (Copiar 44)'(id:115) was copied by '#                         ac1d'(id:111) to '... (Copiar) (Copi (Copiar 45)'(id:116)
2017-07-03 19:28:58.397370|INFO    |VirtualServer |  5| servergroup '... (Copiar) (Copi (Copiar 45)'(id:116) was copied by '#                         ac1d'(id:111) to '... (Copiar) (Copi (Copiar 46)'(id:117)
2017-07-03 19:28:58.797174|INFO    |VirtualServer |  5| servergroup '... (Copiar) (Copi (Copiar 46)'(id:117) was copied by '#                         ac1d'(id:111) to '... (Copiar) (Copi (Copiar 47)'(id:118)
2017-07-03 19:28:59.125113|INFO    |VirtualServer |  5| servergroup '... (Copiar) (Copi (Copiar 47)'(id:118) was copied by '#                         ac1d'(id:111) to '... (Copiar) (Copi (Copiar 48)'(id:119)
2017-07-03 19:28:59.479103|INFO    |VirtualServer |  5| servergroup '... (Copiar) (Copi (Copiar 48)'(id:119) was copied by '#                         ac1d'(id:111) to '... (Copiar) (Copi (Copiar 49)'(id:120)
2017-07-03 19:28:59.737603|INFO    |VirtualServer |  5| servergroup '... (Copiar) (Copi (Copiar 49)'(id:120) was copied by '#                         ac1d'(id:111) to '... (Copiar) (Copi (Copiar 50)'(id:121)
2017-07-03 19:29:00.052774|INFO    |VirtualServer |  5| servergroup '... (Copiar) (Copi (Copiar 50)'(id:121) was copied by '#                         ac1d'(id:111) to '... (Copiar) (Copi (Copiar 51)'(id:122)
2017-07-03 19:33:21.245114|INFO    |VirtualServer |  5| permission 'i_icon_id'(id:142) with values (value:-239765150, negated:0, skipchannel:0) was added by '#                         ac1d'(id:111) to servergroup '...'(id:58)
2017-07-03 19:33:25.639949|INFO    |VirtualServer |  5| permission 'i_icon_id'(id:142) with values (value:2042046683, negated:0, skipchannel:0) was added by '#                         ac1d'(id:111) to servergroup '... (Copiar)'(id:59)
2017-07-03 19:33:30.392324|INFO    |VirtualServer |  5| permission 'i_icon_id'(id:142) with values (value:1663617971, negated:0, skipchannel:0) was added by '#                         ac1d'(id:111) to servergroup '... (Copiar) (Copiar)'(id:60)
2017-07-03 19:33:35.291231|INFO    |VirtualServer |  5| permission 'i_icon_id'(id:142) with values (value:-1081511005, negated:0, skipchannel:0) was added by '#                         ac1d'(id:111) to servergroup '... (Copiar) (Copiar) (Copiar)'(id:61)
2017-07-03 19:33:38.410670|INFO    |VirtualServer |  5| permission 'i_icon_id'(id:142) with values (value:774384564, negated:0, skipchannel:0) was added by '#                         ac1d'(id:111) to servergroup '... (Copiar) (Copia (Copiar 2)'(id:62)
2017-07-03 19:33:43.505306|INFO    |VirtualServer |  5| permission 'i_icon_id'(id:142) with values (value:-45361854, negated:0, skipchannel:0) was added by '#                         ac1d'(id:111) to servergroup '... (Copiar) (Copia ( (Copiar)'(id:63)
2017-07-03 19:33:49.246832|INFO    |VirtualServer |  5| permission 'i_icon_id'(id:142) with values (value:1230522634, negated:0, skipchannel:0) was added by '#                         ac1d'(id:111) to servergroup '... (Copiar) (Copia (Copiar 3)'(id:64)
2017-07-03 19:33:57.821736|INFO    |VirtualServer |  5| permission 'i_icon_id'(id:142) with values (value:-1374138521, negated:0, skipchannel:0) was added by '#                         ac1d'(id:111) to servergroup '... (Copiar) (Copia (Copiar 4)'(id:65)
2017-07-03 19:34:09.796750|INFO    |VirtualServer |  5| permission 'i_icon_id'(id:142) with values (value:-1089834538, negated:0, skipchannel:0) was added by '#                         ac1d'(id:111) to servergroup '... (Copiar) (Copia (Copiar 5)'(id:66)
2017-07-03 19:34:15.098201|INFO    |VirtualServer |  5| permission 'i_icon_id'(id:142) with values (value:-462758055, negated:0, skipchannel:0) was added by '#                         ac1d'(id:111) to servergroup '... (Copiar) (Copia (Copiar 6)'(id:67)
2017-07-03 19:34:29.682348|INFO    |VirtualServer |  5| permission 'i_icon_id'(id:142) with values (value:942428517, negated:0, skipchannel:0) was added by '#                         ac1d'(id:111) to servergroup '... (Copiar) (Copia (Copiar 7)'(id:68)
2017-07-03 19:34:38.618608|INFO    |VirtualServer |  5| permission 'i_icon_id'(id:142) with values (value:-1727703429, negated:0, skipchannel:0) was added by '#                         ac1d'(id:111) to servergroup '... (Copiar) (Copia (Copiar 8)'(id:69)
2017-07-03 19:34:47.011352|INFO    |VirtualServer |  5| permission 'i_icon_id'(id:142) with values (value:2074078978, negated:0, skipchannel:0) was added by '#                         ac1d'(id:111) to servergroup '... (Copiar) (Copia (Copiar 9)'(id:70)
2017-07-03 19:34:53.918340|INFO    |VirtualServer |  5| permission 'i_icon_id'(id:142) with values (value:2091005520, negated:0, skipchannel:0) was added by '#                         ac1d'(id:111) to servergroup '... (Copiar) (Copi (Copiar 10)'(id:71)
2017-07-03 19:35:01.492989|INFO    |VirtualServer |  5| permission 'i_icon_id'(id:142) with values (value:-186300527, negated:0, skipchannel:0) was added by '#                         ac1d'(id:111) to servergroup '... (Copiar) (Copi (C (Copiar)'(id:72)
2017-07-03 19:35:06.745525|INFO    |VirtualServer |  5| permission 'i_icon_id'(id:142) with values (value:-1289915060, negated:0, skipchannel:0) was added by '#                         ac1d'(id:111) to servergroup '... (Copiar) (Copi  (Copiar 2)'(id:73)
2017-07-03 19:35:14.426256|INFO    |VirtualServer |  5| permission 'i_icon_id'(id:142) with values (value:-740904529, negated:0, skipchannel:0) was added by '#                         ac1d'(id:111) to servergroup '... (Copiar) (Copi  ( (Copiar)'(id:74)
2017-07-03 19:35:22.452493|INFO    |VirtualServer |  5| permission 'i_icon_id'(id:142) with values (value:836612840, negated:0, skipchannel:0) was added by '#                         ac1d'(id:111) to servergroup '... (Copiar) (Copi  (Copiar 3)'(id:75)
2017-07-03 19:35:30.561408|INFO    |VirtualServer |  5| permission 'i_icon_id'(id:142) with values (value:1749687882, negated:0, skipchannel:0) was added by '#                         ac1d'(id:111) to servergroup '... (Copiar) (Copi  (Copiar 4)'(id:76)
2017-07-03 19:35:40.767920|INFO    |VirtualServer |  5| permission 'i_icon_id'(id:142) with values (value:-124631033, negated:0, skipchannel:0) was added by '#                         ac1d'(id:111) to servergroup '... (Copiar) (Copi  (Copiar 5)'(id:77)
2017-07-03 19:35:46.710145|INFO    |VirtualServer |  5| permission 'i_icon_id'(id:142) with values (value:1163276940, negated:0, skipchannel:0) was added by '#                         ac1d'(id:111) to servergroup '... (Copiar) (Copi  (Copiar 6)'(id:78)
2017-07-03 19:36:01.088923|INFO    |VirtualServer |  5| permission 'i_icon_id'(id:142) with values (value:986531065, negated:0, skipchannel:0) was added by '#                         ac1d'(id:111) to servergroup '... (Copiar) (Copi  (Copiar 7)'(id:79)
2017-07-03 19:36:07.014558|INFO    |VirtualServer |  5| permission 'i_icon_id'(id:142) with values (value:151234233, negated:0, skipchannel:0) was added by '#                         ac1d'(id:111) to servergroup '... (Copiar) (Copi  (Copiar 8)'(id:80)
2017-07-03 19:36:11.464704|INFO    |VirtualServer |  5| permission 'i_icon_id'(id:142) with values (value:1704423601, negated:0, skipchannel:0) was added by '#                         ac1d'(id:111) to servergroup '... (Copiar) (Copi  (Copiar 9)'(id:81)
2017-07-03 19:36:23.666460|INFO    |VirtualServer |  5| permission 'i_icon_id'(id:142) with values (value:954172946, negated:0, skipchannel:0) was added by '#                         ac1d'(id:111) to servergroup '... (Copiar) (Copi (Copiar 11)'(id:82)
2017-07-03 19:36:33.027104|INFO    |VirtualServer |  5| permission 'i_icon_id'(id:142) with values (value:-1466125989, negated:0, skipchannel:0) was added by '#                         ac1d'(id:111) to servergroup '... (Copiar) (Copi (Copiar 12)'(id:83)
2017-07-03 19:36:38.310760|INFO    |VirtualServer |  5| permission 'i_icon_id'(id:142) with values (value:1403600191, negated:0, skipchannel:0) was added by '#                         ac1d'(id:111) to servergroup '... (Copiar) (Copi (Copiar 13)'(id:84)
2017-07-03 19:36:55.535538|INFO    |VirtualServer |  5| permission 'i_icon_id'(id:142) with values (value:1971804061, negated:0, skipchannel:0) was added by '#                         ac1d'(id:111) to servergroup '... (Copiar) (Copi (Copiar 14)'(id:85)
2017-07-03 19:38:10.194151|INFO    |VirtualServer |  5| permission 'i_icon_id'(id:142) with values (value:-1409056519, negated:0, skipchannel:0) was added by '#                         ac1d'(id:111) to servergroup '... (Copiar) (Copi (Copiar 15)'(id:86)
2017-07-03 19:38:15.718907|INFO    |VirtualServer |  5| permission 'i_icon_id'(id:142) with values (value:-1559165336, negated:0, skipchannel:0) was added by '#                         ac1d'(id:111) to servergroup '... (Copiar) (Copi (Copiar 16)'(id:87)
2017-07-03 19:38:27.368707|INFO    |VirtualServer |  5| permission 'i_icon_id'(id:142) with values (value:1071567144, negated:0, skipchannel:0) was added by '#                         ac1d'(id:111) to servergroup '... (Copiar) (Copi (Copiar 17)'(id:88)
2017-07-03 19:38:41.016267|INFO    |VirtualServer |  5| permission 'i_icon_id'(id:142) with values (value:-1731607307, negated:0, skipchannel:0) was added by '#                         ac1d'(id:111) to servergroup '... (Copiar) (Copi (Copiar 18)'(id:89)
2017-07-03 19:38:49.249703|INFO    |VirtualServer |  5| permission 'i_icon_id'(id:142) with values (value:1394486243, negated:0, skipchannel:0) was added by '#                         ac1d'(id:111) to servergroup '... (Copiar) (Copi (Copiar 19)'(id:90)
2017-07-03 19:39:01.820881|INFO    |VirtualServer |  5| permission 'i_icon_id'(id:142) with values (value:-589257481, negated:0, skipchannel:0) was added by '#                         ac1d'(id:111) to servergroup '... (Copiar) (Copi (Copiar 20)'(id:91)
2017-07-03 19:39:21.624107|INFO    |VirtualServer |  5| permission 'i_icon_id'(id:142) with values (value:-640736313, negated:0, skipchannel:0) was added by '#                         ac1d'(id:111) to servergroup '... (Copiar) (Copi (Copiar 21)'(id:92)
2017-07-03 19:39:33.667459|INFO    |VirtualServer |  5| permission 'i_icon_id'(id:142) with values (value:179610928, negated:0, skipchannel:0) was added by '#                         ac1d'(id:111) to servergroup '... (Copiar) (Copi (Copiar 22)'(id:93)
2017-07-03 19:39:40.131961|INFO    |VirtualServer |  5| permission 'i_icon_id'(id:142) with values (value:1682752351, negated:0, skipchannel:0) was added by '#                         ac1d'(id:111) to servergroup '... (Copiar) (Copi (Copiar 23)'(id:94)
2017-07-03 19:39:51.798983|INFO    |VirtualServer |  5| permission 'i_icon_id'(id:142) with values (value:830538337, negated:0, skipchannel:0) was added by '#                         ac1d'(id:111) to servergroup '... (Copiar) (Copi (Copiar 24)'(id:95)
2017-07-03 19:39:56.533241|INFO    |VirtualServer |  5| permission 'i_icon_id'(id:142) with values (value:337664975, negated:0, skipchannel:0) was added by '#                         ac1d'(id:111) to servergroup '... (Copiar) (Copi (Copiar 25)'(id:96)
2017-07-03 19:40:25.982370|INFO    |VirtualServer |  5| permission 'i_icon_id'(id:142) with values (value:1368072551, negated:0, skipchannel:0) was added by '#                         ac1d'(id:111) to servergroup '... (Copiar) (Copi (Copiar 26)'(id:97)
2017-07-03 19:40:54.535897|INFO    |VirtualServer |  5| permission 'i_icon_id'(id:142) with values (value:-1347828761, negated:0, skipchannel:0) was added by '#                         ac1d'(id:111) to servergroup '... (Copiar) (Copi (Copiar 27)'(id:98)
2017-07-03 19:40:58.972311|INFO    |VirtualServer |  5| permission 'i_icon_id'(id:142) with values (value:404400535, negated:0, skipchannel:0) was added by '#                         ac1d'(id:111) to servergroup '... (Copiar) (Copi (Copiar 28)'(id:99)
2017-07-03 19:41:04.374231|INFO    |VirtualServer |  5| permission 'i_icon_id'(id:142) with values (value:1425075097, negated:0, skipchannel:0) was added by '#                         ac1d'(id:111) to servergroup '... (Copiar) (Copi (Copiar 29)'(id:100)
2017-07-03 19:41:08.705919|INFO    |VirtualServer |  5| permission 'i_icon_id'(id:142) with values (value:632137173, negated:0, skipchannel:0) was added by '#                         ac1d'(id:111) to servergroup '... (Copiar) (Copi (Copiar 30)'(id:101)
2017-07-03 19:41:13.584273|INFO    |VirtualServer |  5| permission 'i_icon_id'(id:142) with values (value:1823752096, negated:0, skipchannel:0) was added by '#                         ac1d'(id:111) to servergroup '... (Copiar) (Copi (Copiar 31)'(id:102)
2017-07-03 19:41:48.382001|INFO    |VirtualServer |  5| permission 'i_icon_id'(id:142) with values (value:1087345890, negated:0, skipchannel:0) was added by '#                         ac1d'(id:111) to servergroup '... (Copiar) (Copi (Copiar 32)'(id:103)
2017-07-03 19:41:55.715998|INFO    |VirtualServer |  5| permission 'i_icon_id'(id:142) with values (value:-1798034070, negated:0, skipchannel:0) was added by '#                         ac1d'(id:111) to servergroup '... (Copiar) (Copi (Copiar 33)'(id:104)
2017-07-03 19:42:05.473070|INFO    |VirtualServer |  5| permission 'i_icon_id'(id:142) with values (value:1276713228, negated:0, skipchannel:0) was added by '#                         ac1d'(id:111) to servergroup '... (Copiar) (Copi (Copiar 34)'(id:105)
2017-07-03 19:42:08.666156|INFO    |VirtualServer |  5| permission 'i_icon_id'(id:142) with values (value:-1693534531, negated:0, skipchannel:0) was added by '#                         ac1d'(id:111) to servergroup '... (Copiar) (Copi (Copiar 35)'(id:106)
2017-07-03 19:42:17.224027|INFO    |VirtualServer |  5| permission 'i_icon_id'(id:142) with values (value:59971416, negated:0, skipchannel:0) was added by '#                         ac1d'(id:111) to servergroup '... (Copiar) (Copi (Copiar 33)'(id:104)
2017-07-03 19:42:26.960900|INFO    |VirtualServer |  5| permission 'i_icon_id'(id:142) with values (value:506954034, negated:0, skipchannel:0) was added by '#                         ac1d'(id:111) to servergroup '... (Copiar) (Copi (Copiar 36)'(id:107)
2017-07-03 19:43:08.839484|INFO    |VirtualServer |  5| permission 'i_icon_id'(id:142) with values (value:-1798034070, negated:0, skipchannel:0) was added by '#                         ac1d'(id:111) to servergroup '... (Copiar) (Copi (Copiar 37)'(id:108)
2017-07-03 19:43:14.922908|INFO    |VirtualServer |  5| permission 'i_icon_id'(id:142) with values (value:1895732501, negated:0, skipchannel:0) was added by '#                         ac1d'(id:111) to servergroup '... (Copiar) (Copi (Copiar 38)'(id:109)
2017-07-03 19:47:33.510473|INFO    |VirtualServer |  5| servergroup '... (Copiar) (Copi (Copiar 39)'(id:110) was deleted by '#                         ac1d'(id:111)
2017-07-03 19:47:53.978810|INFO    |VirtualServer |  5| servergroup '... (Copiar) (Copi (Copiar 40)'(id:111) was renamed to '--------- Armas -------' by '#                         ac1d'(id:111)
2017-07-03 19:48:02.810861|INFO    |VirtualServer |  5| permission 'i_icon_id'(id:142) with values (value:-1220560450, negated:0, skipchannel:0) was added by '#                         ac1d'(id:111) to servergroup '... (Copiar) (Copi (Copiar 41)'(id:112)
2017-07-03 19:48:07.747836|INFO    |VirtualServer |  5| permission 'i_icon_id'(id:142) with values (value:-226699584, negated:0, skipchannel:0) was added by '#                         ac1d'(id:111) to servergroup '... (Copiar) (Copi (Copiar 42)'(id:113)
2017-07-03 19:48:11.060649|INFO    |VirtualServer |  5| permission 'i_icon_id'(id:142) with values (value:-1722981206, negated:0, skipchannel:0) was added by '#                         ac1d'(id:111) to servergroup '... (Copiar) (Copi (Copiar 43)'(id:114)
2017-07-03 19:49:07.556306|INFO    |VirtualServer |  5| permission 'i_icon_id'(id:142) with values (value:1529996722, negated:0, skipchannel:0) was added by '#                         ac1d'(id:111) to servergroup '... (Copiar) (Copi (Copiar 44)'(id:115)
2017-07-03 19:49:28.974487|INFO    |VirtualServer |  5| servergroup '... (Copiar) (Copi (Copiar 45)'(id:116) was renamed to '----------Patentes-----------' by '#                         ac1d'(id:111)
2017-07-03 19:49:34.715402|INFO    |VirtualServer |  5| servergroup '... (Copiar) (Copi (Copiar 51)'(id:122) was copied by '#                         ac1d'(id:111) to '... (Copiar) (Copi (Copiar 39)'(id:123)
2017-07-03 19:49:35.277960|INFO    |VirtualServer |  5| servergroup '... (Copiar) (Copi (Copiar 39)'(id:123) was copied by '#                         ac1d'(id:111) to '... (Copiar) (Copi (Copiar 40)'(id:124)
2017-07-03 19:49:35.549757|INFO    |VirtualServer |  5| servergroup '... (Copiar) (Copi (Copiar 40)'(id:124) was copied by '#                         ac1d'(id:111) to '... (Copiar) (Copi (Copiar 45)'(id:125)
2017-07-03 19:49:36.515441|INFO    |VirtualServer |  5| servergroup '... (Copiar) (Copi (Copiar 45)'(id:125) was copied by '#                         ac1d'(id:111) to '... (Copiar) (Copi (Copiar 52)'(id:126)
2017-07-03 19:49:37.552140|INFO    |VirtualServer |  5| servergroup '... (Copiar) (Copi (Copiar 52)'(id:126) was copied by '#                         ac1d'(id:111) to '... (Copiar) (Copi (Copiar 53)'(id:127)
2017-07-03 19:49:39.503435|INFO    |VirtualServer |  5| servergroup '... (Copiar) (Copi (Copiar 53)'(id:127) was copied by '#                         ac1d'(id:111) to '... (Copiar) (Copi (Copiar 54)'(id:128)
2017-07-03 19:49:39.864288|INFO    |VirtualServer |  5| servergroup '... (Copiar) (Copi (Copiar 54)'(id:128) was copied by '#                         ac1d'(id:111) to '... (Copiar) (Copi (Copiar 55)'(id:129)
2017-07-03 19:49:40.147678|INFO    |VirtualServer |  5| servergroup '... (Copiar) (Copi (Copiar 55)'(id:129) was copied by '#                         ac1d'(id:111) to '... (Copiar) (Copi (Copiar 56)'(id:130)
2017-07-03 19:49:40.450608|INFO    |VirtualServer |  5| servergroup '... (Copiar) (Copi (Copiar 56)'(id:130) was copied by '#                         ac1d'(id:111) to '... (Copiar) (Copi (Copiar 57)'(id:131)
2017-07-03 19:49:40.785647|INFO    |VirtualServer |  5| servergroup '... (Copiar) (Copi (Copiar 57)'(id:131) was copied by '#                         ac1d'(id:111) to '... (Copiar) (Copi (Copiar 58)'(id:132)
2017-07-03 19:49:41.217429|INFO    |VirtualServer |  5| servergroup '... (Copiar) (Copi (Copiar 58)'(id:132) was copied by '#                         ac1d'(id:111) to '... (Copiar) (Copi (Copiar 59)'(id:133)
2017-07-03 19:49:41.565185|INFO    |VirtualServer |  5| servergroup '... (Copiar) (Copi (Copiar 59)'(id:133) was copied by '#                         ac1d'(id:111) to '... (Copiar) (Copi (Copiar 60)'(id:134)
2017-07-03 19:49:41.872296|INFO    |VirtualServer |  5| servergroup '... (Copiar) (Copi (Copiar 60)'(id:134) was copied by '#                         ac1d'(id:111) to '... (Copiar) (Copi (Copiar 61)'(id:135)
2017-07-03 19:49:42.202585|INFO    |VirtualServer |  5| servergroup '... (Copiar) (Copi (Copiar 61)'(id:135) was copied by '#                         ac1d'(id:111) to '... (Copiar) (Copi (Copiar 62)'(id:136)
2017-07-03 19:49:42.482050|INFO    |VirtualServer |  5| servergroup '... (Copiar) (Copi (Copiar 62)'(id:136) was copied by '#                         ac1d'(id:111) to '... (Copiar) (Copi (Copiar 63)'(id:137)
2017-07-03 19:49:42.844670|INFO    |VirtualServer |  5| servergroup '... (Copiar) (Copi (Copiar 63)'(id:137) was copied by '#                         ac1d'(id:111) to '... (Copiar) (Copi (Copiar 64)'(id:138)
2017-07-03 19:49:43.140140|INFO    |VirtualServer |  5| servergroup '... (Copiar) (Copi (Copiar 64)'(id:138) was copied by '#                         ac1d'(id:111) to '... (Copiar) (Copi (Copiar 65)'(id:139)
2017-07-03 19:49:43.640661|INFO    |VirtualServer |  5| servergroup '... (Copiar) (Copi (Copiar 65)'(id:139) was copied by '#                         ac1d'(id:111) to '... (Copiar) (Copi (Copiar 66)'(id:140)
2017-07-03 19:49:43.956581|INFO    |VirtualServer |  5| servergroup '... (Copiar) (Copi (Copiar 66)'(id:140) was copied by '#                         ac1d'(id:111) to '... (Copiar) (Copi (Copiar 67)'(id:141)
2017-07-03 19:49:44.260802|INFO    |VirtualServer |  5| servergroup '... (Copiar) (Copi (Copiar 67)'(id:141) was copied by '#                         ac1d'(id:111) to '... (Copiar) (Copi (Copiar 68)'(id:142)
2017-07-03 19:49:44.553165|INFO    |VirtualServer |  5| servergroup '... (Copiar) (Copi (Copiar 68)'(id:142) was copied by '#                         ac1d'(id:111) to '... (Copiar) (Copi (Copiar 69)'(id:143)
2017-07-03 19:49:44.873503|INFO    |VirtualServer |  5| servergroup '... (Copiar) (Copi (Copiar 69)'(id:143) was copied by '#                         ac1d'(id:111) to '... (Copiar) (Copi (Copiar 70)'(id:144)
2017-07-03 19:49:45.216931|INFO    |VirtualServer |  5| servergroup '... (Copiar) (Copi (Copiar 70)'(id:144) was copied by '#                         ac1d'(id:111) to '... (Copiar) (Copi (Copiar 71)'(id:145)
2017-07-03 19:49:45.524963|INFO    |VirtualServer |  5| servergroup '... (Copiar) (Copi (Copiar 71)'(id:145) was copied by '#                         ac1d'(id:111) to '... (Copiar) (Copi (Copiar 72)'(id:146)
2017-07-03 19:49:45.972006|INFO    |VirtualServer |  5| servergroup '... (Copiar) (Copi (Copiar 72)'(id:146) was copied by '#                         ac1d'(id:111) to '... (Copiar) (Copi (Copiar 73)'(id:147)
2017-07-03 19:50:38.880353|INFO    |VirtualServer |  5| servergroup '...'(id:58) was renamed to 'Chor&#227;o' by '#                         ac1d'(id:111)
2017-07-03 19:50:44.157104|INFO    |VirtualServer |  5| servergroup '... (Copiar)'(id:59) was renamed to 'Camper' by '#                         ac1d'(id:111)
2017-07-03 19:50:46.922878|INFO    |VirtualServer |  5| servergroup '... (Copiar) (Copiar)'(id:60) was renamed to 'Burr&#227;o' by '#                         ac1d'(id:111)
2017-07-03 19:50:49.401058|INFO    |VirtualServer |  5| servergroup '... (Copiar) (Copiar) (Copiar)'(id:61) was renamed to 'Rambo' by '#                         ac1d'(id:111)
2017-07-03 19:50:56.989811|INFO    |VirtualServer |  5| servergroup '... (Copiar) (Copia (Copiar 2)'(id:62) was renamed to 'Putinha do TS' by '#                         ac1d'(id:111)
2017-07-03 19:50:59.247186|INFO    |VirtualServer |  5| servergroup '... (Copiar) (Copia ( (Copiar)'(id:63) was renamed to 'Ninja' by '#                         ac1d'(id:111)
2017-07-03 19:51:05.356669|INFO    |VirtualServer |  5| servergroup '... (Copiar) (Copia (Copiar 3)'(id:64) was renamed to 'Nego safado' by '#                         ac1d'(id:111)
2017-07-03 19:51:12.141041|INFO    |VirtualServer |  5| servergroup '... (Copiar) (Copia (Copiar 4)'(id:65) was renamed to 'Carregado' by '#                         ac1d'(id:111)
2017-07-03 19:51:16.744034|INFO    |VirtualServer |  5| servergroup '... (Copiar) (Copia (Copiar 5)'(id:66) was renamed to 'Sedex' by '#                         ac1d'(id:111)
2017-07-03 19:51:23.406767|INFO    |VirtualServer |  5| servergroup '... (Copiar) (Copia (Copiar 6)'(id:67) was renamed to 'SEXOOO' by '#                         ac1d'(id:111)
2017-07-03 19:51:29.182513|INFO    |VirtualServer |  5| servergroup '... (Copiar) (Copia (Copiar 7)'(id:68) was renamed to 'Ninjatso' by '#                         ac1d'(id:111)
2017-07-03 19:51:31.564145|INFO    |VirtualServer |  5| servergroup '... (Copiar) (Copia (Copiar 8)'(id:69) was renamed to 'Gay' by '#                         ac1d'(id:111)
2017-07-03 19:51:34.452143|INFO    |VirtualServer |  5| servergroup '... (Copiar) (Copia (Copiar 9)'(id:70) was renamed to 'Dimonho' by '#                         ac1d'(id:111)
2017-07-03 19:51:51.030463|INFO    |VirtualServer |  5| servergroup '... (Copiar) (Copi (Copiar 10)'(id:71) was renamed to 'Cigarretis' by '#                         ac1d'(id:111)
2017-07-03 19:51:56.680598|INFO    |VirtualServer |  5| servergroup '... (Copiar) (Copi (C (Copiar)'(id:72) was renamed to 'Moh pau doidio' by '#                         ac1d'(id:111)
2017-07-03 19:52:01.375522|INFO    |VirtualServer |  5| servergroup '... (Copiar) (Copi  (Copiar 2)'(id:73) was renamed to 'Berr&#227;o' by '#                         ac1d'(id:111)
2017-07-03 19:52:05.504452|INFO    |VirtualServer |  5| servergroup '... (Copiar) (Copi  ( (Copiar)'(id:74) was renamed to 'Cogumelo' by '#                         ac1d'(id:111)
2017-07-03 19:52:11.840489|INFO    |VirtualServer |  5| servergroup '... (Copiar) (Copi  (Copiar 3)'(id:75) was renamed to 'Play Boy' by '#                         ac1d'(id:111)
2017-07-03 19:52:21.203351|INFO    |VirtualServer |  5| servergroup '... (Copiar) (Copi  (Copiar 4)'(id:76) was deleted by '#                         ac1d'(id:111)
2017-07-03 19:52:24.708723|INFO    |VirtualServer |  5| servergroup '... (Copiar) (Copi  (Copiar 5)'(id:77) was renamed to 'Caveira' by '#                         ac1d'(id:111)
2017-07-03 19:52:31.545806|INFO    |VirtualServer |  5| servergroup '... (Copiar) (Copi  (Copiar 6)'(id:78) was renamed to 'Rajadown' by '#                         ac1d'(id:111)
2017-07-03 19:52:48.014577|INFO    |VirtualServer |  5| servergroup '... (Copiar) (Copi  (Copiar 7)'(id:79) was renamed to '#SeqsoComProte&#231;&#227;o' by '#                         ac1d'(id:111)
2017-07-03 19:52:56.466279|INFO    |VirtualServer |  5| servergroup '... (Copiar) (Copi  (Copiar 8)'(id:80) was renamed to 'Canabis' by '#                         ac1d'(id:111)
2017-07-03 20:02:13.801187|INFO    |VirtualServer |  5| servergroup '... (Copiar) (Copi  (Copiar 9)'(id:81) was renamed to 'Bato com a Direita' by '#                         ac1d'(id:111)
2017-07-03 20:02:16.912135|INFO    |VirtualServer |  5| servergroup '... (Copiar) (Copi (Copiar 11)'(id:82) was renamed to 'Biscoitinho' by '#                         ac1d'(id:111)
2017-07-03 20:02:19.856461|INFO    |VirtualServer |  5| servergroup '... (Copiar) (Copi (Copiar 12)'(id:83) was renamed to 'Macrado' by '#                         ac1d'(id:111)
2017-07-03 20:02:23.745598|INFO    |VirtualServer |  5| servergroup '... (Copiar) (Copi (Copiar 13)'(id:84) was renamed to 'Jogo Limpo' by '#                         ac1d'(id:111)
2017-07-03 20:02:29.839806|INFO    |VirtualServer |  5| servergroup '... (Copiar) (Copi (Copiar 14)'(id:85) was renamed to '@Camp' by '#                         ac1d'(id:111)
2017-07-03 20:02:34.346652|INFO    |VirtualServer |  5| servergroup '... (Copiar) (Copi (Copiar 15)'(id:86) was renamed to '@Cash' by '#                         ac1d'(id:111)
2017-07-03 20:02:39.523103|INFO    |VirtualServer |  5| servergroup '... (Copiar) (Copi (Copiar 16)'(id:87) was renamed to 'Ladr&#227;o de Jegue' by '#                         ac1d'(id:111)
2017-07-03 20:02:41.406752|INFO    |VirtualServer |  5| servergroup '... (Copiar) (Copi (Copiar 17)'(id:88) was renamed to 'Apple' by '#                         ac1d'(id:111)
2017-07-03 20:02:45.632098|INFO    |VirtualServer |  5| servergroup '... (Copiar) (Copi (Copiar 18)'(id:89) was renamed to 'Peitaum' by '#                         ac1d'(id:111)
2017-07-03 20:02:50.202575|INFO    |VirtualServer |  5| servergroup '... (Copiar) (Copi (Copiar 19)'(id:90) was renamed to 'Point Bad' by '#                         ac1d'(id:111)
2017-07-03 20:03:06.227093|INFO    |VirtualServer |  5| servergroup '... (Copiar) (Copi (Copiar 20)'(id:91) was renamed to 'Paul&#227;o' by '#                         ac1d'(id:111)
2017-07-03 20:03:08.618541|INFO    |VirtualServer |  5| servergroup '... (Copiar) (Copi (Copiar 21)'(id:92) was renamed to 'Lagado' by '#                         ac1d'(id:111)
2017-07-03 20:03:11.642818|INFO    |VirtualServer |  5| servergroup '... (Copiar) (Copi (Copiar 22)'(id:93) was renamed to 'Cocoz&#227;o' by '#                         ac1d'(id:111)
2017-07-03 20:03:16.162295|INFO    |VirtualServer |  5| servergroup '... (Copiar) (Copi (Copiar 23)'(id:94) was renamed to 'Caf&#233; com Leite' by '#                         ac1d'(id:111)
2017-07-03 20:03:20.986153|INFO    |VirtualServer |  5| servergroup '... (Copiar) (Copi (Copiar 24)'(id:95) was renamed to 'Fone lixo' by '#                         ac1d'(id:111)
2017-07-03 20:03:24.200212|INFO    |VirtualServer |  5| servergroup '... (Copiar) (Copi (Copiar 25)'(id:96) was renamed to 'Fone topper' by '#                         ac1d'(id:111)
2017-07-03 20:03:29.324983|INFO    |VirtualServer |  5| servergroup '... (Copiar) (Copi (Copiar 26)'(id:97) was renamed to 'Full Gold' by '#                         ac1d'(id:111)
2017-07-03 20:03:33.566142|INFO    |VirtualServer |  5| servergroup '... (Copiar) (Copi (Copiar 27)'(id:98) was renamed to 'Full Cash' by '#                         ac1d'(id:111)
2017-07-03 20:03:39.038763|INFO    |VirtualServer |  5| servergroup '... (Copiar) (Copi (Copiar 28)'(id:99) was renamed to 'Reggae' by '#                         ac1d'(id:111)
2017-07-03 20:03:45.067842|INFO    |VirtualServer |  5| servergroup '... (Copiar) (Copi (Copiar 29)'(id:100) was renamed to 'Corsair' by '#                         ac1d'(id:111)
2017-07-03 20:03:48.225275|INFO    |VirtualServer |  5| servergroup '... (Copiar) (Copi (Copiar 30)'(id:101) was renamed to 'Razer' by '#                         ac1d'(id:111)
2017-07-03 20:03:52.950035|INFO    |VirtualServer |  5| servergroup '... (Copiar) (Copi (Copiar 31)'(id:102) was renamed to 'C3 Tech' by '#                         ac1d'(id:111)
2017-07-03 20:03:57.936722|INFO    |VirtualServer |  5| servergroup '... (Copiar) (Copi (Copiar 32)'(id:103) was renamed to 'Bigode grosso' by '#                         ac1d'(id:111)
2017-07-03 20:04:01.842813|INFO    |VirtualServer |  5| servergroup '... (Copiar) (Copi (Copiar 33)'(id:104) was renamed to 'Multilaser' by '#                         ac1d'(id:111)
2017-07-03 20:04:06.068325|INFO    |VirtualServer |  5| servergroup '... (Copiar) (Copi (Copiar 34)'(id:105) was renamed to 'Pombo' by '#                         ac1d'(id:111)
2017-07-03 20:04:09.644739|INFO    |VirtualServer |  5| servergroup '... (Copiar) (Copi (Copiar 35)'(id:106) was renamed to 'Namorando' by '#                         ac1d'(id:111)
2017-07-03 20:04:15.040691|INFO    |VirtualServer |  5| servergroup '... (Copiar) (Copi (Copiar 36)'(id:107) was renamed to 'Florzinha' by '#                         ac1d'(id:111)
2017-07-03 20:04:21.243227|INFO    |VirtualServer |  5| servergroup '... (Copiar) (Copi (Copiar 37)'(id:108) was renamed to 'S3M ZU3IR4' by '#                         ac1d'(id:111)
2017-07-03 20:04:24.842856|INFO    |VirtualServer |  5| servergroup '... (Copiar) (Copi (Copiar 38)'(id:109) was renamed to '0/8' by '#                         ac1d'(id:111)
2017-07-03 20:04:29.848916|INFO    |VirtualServer |  5| servergroup '... (Copiar) (Copi (Copiar 41)'(id:112) was renamed to 'Pro Rifle' by '#                         ac1d'(id:111)
2017-07-03 20:04:33.501033|INFO    |VirtualServer |  5| servergroup '... (Copiar) (Copi (Copiar 42)'(id:113) was renamed to 'Pro Sub' by '#                         ac1d'(id:111)
2017-07-03 20:04:37.204631|INFO    |VirtualServer |  5| servergroup '... (Copiar) (Copi (Copiar 43)'(id:114) was renamed to 'Pro Sniper' by '#                         ac1d'(id:111)
2017-07-03 20:04:42.159981|INFO    |VirtualServer |  5| servergroup '... (Copiar) (Copi (Copiar 44)'(id:115) was renamed to 'Pro Knife' by '#                         ac1d'(id:111)
2017-07-03 20:05:09.906866|INFO    |VirtualServer |  5| servergroup '... (Copiar) (Copi (Copiar 73)'(id:147) was copied by '#                         ac1d'(id:111) to '... (Copiar) (Copi (C (Copiar)'(id:148)
2017-07-03 20:05:10.294498|INFO    |VirtualServer |  5| servergroup '... (Copiar) (Copi (C (Copiar)'(id:148) was copied by '#                         ac1d'(id:111) to '... (Copiar) (Copi  (Copiar 2)'(id:149)
2017-07-03 20:05:10.773214|INFO    |VirtualServer |  5| servergroup '... (Copiar) (Copi  (Copiar 2)'(id:149) was copied by '#                         ac1d'(id:111) to '... (Copiar) (Copi  ( (Copiar)'(id:150)
2017-07-03 20:05:11.348323|INFO    |VirtualServer |  5| servergroup '... (Copiar) (Copi  ( (Copiar)'(id:150) was copied by '#                         ac1d'(id:111) to '... (Copiar) (Copi  (Copiar 3)'(id:151)
2017-07-03 20:05:11.903361|INFO    |VirtualServer |  5| servergroup '... (Copiar) (Copi  (Copiar 3)'(id:151) was copied by '#                         ac1d'(id:111) to '... (Copiar) (Copi  (Copiar 4)'(id:152)
2017-07-03 20:05:13.395250|INFO    |VirtualServer |  5| servergroup '... (Copiar) (Copi  (Copiar 4)'(id:152) was copied by '#                         ac1d'(id:111) to '... (Copiar) (Copi  (Copiar 5)'(id:153)
2017-07-03 20:05:36.407157|INFO    |VirtualServer |  5| permission 'i_icon_id'(id:142) with values (value:-366482290, negated:0, skipchannel:0) was added by '#                         ac1d'(id:111) to servergroup '... (Copiar) (Copi (Copiar 46)'(id:117)
2017-07-03 20:05:51.472785|INFO    |VirtualServer |  5| permission 'i_icon_id'(id:142) with values (value:1175476164, negated:0, skipchannel:0) was added by '#                         ac1d'(id:111) to servergroup '... (Copiar) (Copi (Copiar 47)'(id:118)
2017-07-03 20:10:13.544031|INFO    |VirtualServer |  5| permission 'i_icon_id'(id:142) with values (value:-596998551, negated:0, skipchannel:0) was added by '#                         ac1d'(id:111) to servergroup '... (Copiar) (Copi (Copiar 48)'(id:119)
2017-07-03 20:10:32.183694|INFO    |VirtualServer |  5| permission 'i_icon_id'(id:142) with values (value:658888499, negated:0, skipchannel:0) was added by '#                         ac1d'(id:111) to servergroup '... (Copiar) (Copi (Copiar 49)'(id:120)
2017-07-03 20:10:42.839681|INFO    |VirtualServer |  5| permission 'i_icon_id'(id:142) with values (value:653295741, negated:0, skipchannel:0) was added by '#                         ac1d'(id:111) to servergroup '... (Copiar) (Copi (Copiar 50)'(id:121)
2017-07-03 20:11:38.531186|INFO    |VirtualServer |  5| servergroup 'Canabis'(id:80) was renamed to 'Cannabis' by '#                         ac1d'(id:111)
2017-07-03 20:29:18.852032|INFO    |VirtualServer |  5| permission 'i_icon_id'(id:142) with values (value:-368722599, negated:0, skipchannel:0) was added by '#                         ac1d'(id:111) to servergroup '... (Copiar) (Copi (Copiar 51)'(id:122)
2017-07-03 20:29:24.505395|INFO    |VirtualServer |  5| permission 'i_icon_id'(id:142) with values (value:720497355, negated:0, skipchannel:0) was added by '#                         ac1d'(id:111) to servergroup '... (Copiar) (Copi (Copiar 39)'(id:123)
2017-07-03 20:29:38.880165|INFO    |VirtualServer |  5| permission 'i_icon_id'(id:142) with values (value:-269992498, negated:0, skipchannel:0) was added by '#                         ac1d'(id:111) to servergroup '... (Copiar) (Copi (Copiar 40)'(id:124)
2017-07-03 20:29:45.928787|INFO    |VirtualServer |  5| permission 'i_icon_id'(id:142) with values (value:362431247, negated:0, skipchannel:0) was added by '#                         ac1d'(id:111) to servergroup '... (Copiar) (Copi (Copiar 45)'(id:125)
2017-07-03 20:29:49.622347|INFO    |VirtualServer |  5| permission 'i_icon_id'(id:142) with values (value:149286717, negated:0, skipchannel:0) was added by '#                         ac1d'(id:111) to servergroup '... (Copiar) (Copi (Copiar 52)'(id:126)
2017-07-03 20:29:54.260824|INFO    |VirtualServer |  5| permission 'i_icon_id'(id:142) with values (value:-270690283, negated:0, skipchannel:0) was added by '#                         ac1d'(id:111) to servergroup '... (Copiar) (Copi (Copiar 53)'(id:127)
2017-07-03 20:30:02.526914|INFO    |VirtualServer |  5| permission 'i_icon_id'(id:142) with values (value:-61341366, negated:0, skipchannel:0) was added by '#                         ac1d'(id:111) to servergroup '... (Copiar) (Copi (Copiar 54)'(id:128)
2017-07-03 20:30:08.100162|INFO    |VirtualServer |  5| permission 'i_icon_id'(id:142) with values (value:2074978940, negated:0, skipchannel:0) was added by '#                         ac1d'(id:111) to servergroup '... (Copiar) (Copi (Copiar 55)'(id:129)
2017-07-03 20:30:18.528423|INFO    |VirtualServer |  5| permission 'i_icon_id'(id:142) with values (value:2074978940, negated:0, skipchannel:0) was added by '#                         ac1d'(id:111) to servergroup '... (Copiar) (Copi (Copiar 56)'(id:130)
2017-07-03 20:30:27.933711|INFO    |VirtualServer |  5| permission 'i_icon_id'(id:142) with values (value:69786600, negated:0, skipchannel:0) was added by '#                         ac1d'(id:111) to servergroup '... (Copiar) (Copi (Copiar 56)'(id:130)
2017-07-03 20:30:31.487964|INFO    |VirtualServer |  5| permission 'i_icon_id'(id:142) with values (value:-1166267945, negated:0, skipchannel:0) was added by '#                         ac1d'(id:111) to servergroup '... (Copiar) (Copi (Copiar 57)'(id:131)
2017-07-03 20:30:36.897962|INFO    |VirtualServer |  5| permission 'i_icon_id'(id:142) with values (value:-926831955, negated:0, skipchannel:0) was added by '#                         ac1d'(id:111) to servergroup '... (Copiar) (Copi (Copiar 58)'(id:132)
2017-07-03 20:30:40.640202|INFO    |VirtualServer |  5| permission 'i_icon_id'(id:142) with values (value:-899809949, negated:0, skipchannel:0) was added by '#                         ac1d'(id:111) to servergroup '... (Copiar) (Copi (Copiar 59)'(id:133)
2017-07-03 20:30:54.163987|INFO    |VirtualServer |  5| permission 'i_icon_id'(id:142) with values (value:-85881998, negated:0, skipchannel:0) was added by '#                         ac1d'(id:111) to servergroup '... (Copiar) (Copi (Copiar 60)'(id:134)
2017-07-03 20:30:56.759285|INFO    |VirtualServer |  5| permission 'i_icon_id'(id:142) with values (value:-272974554, negated:0, skipchannel:0) was added by '#                         ac1d'(id:111) to servergroup '... (Copiar) (Copi (Copiar 61)'(id:135)
2017-07-03 20:31:04.829589|INFO    |VirtualServer |  5| permission 'i_icon_id'(id:142) with values (value:-1208000540, negated:0, skipchannel:0) was added by '#                         ac1d'(id:111) to servergroup '... (Copiar) (Copi (Copiar 62)'(id:136)
2017-07-03 20:31:14.602239|INFO    |VirtualServer |  5| permission 'i_icon_id'(id:142) with values (value:1953261056, negated:0, skipchannel:0) was added by '#                         ac1d'(id:111) to servergroup '... (Copiar) (Copi (Copiar 63)'(id:137)
2017-07-03 20:31:51.247881|INFO    |VirtualServer |  5| permission 'i_icon_id'(id:142) with values (value:-1838534198, negated:0, skipchannel:0) was added by '#                         ac1d'(id:111) to servergroup '... (Copiar) (Copi (Copiar 64)'(id:138)
2017-07-03 20:31:58.265214|INFO    |VirtualServer |  5| permission 'i_icon_id'(id:142) with values (value:-1016614945, negated:0, skipchannel:0) was added by '#                         ac1d'(id:111) to servergroup '... (Copiar) (Copi (Copiar 65)'(id:139)
2017-07-03 20:32:05.901391|INFO    |VirtualServer |  5| permission 'i_icon_id'(id:142) with values (value:1145855057, negated:0, skipchannel:0) was added by '#                         ac1d'(id:111) to servergroup '... (Copiar) (Copi (Copiar 66)'(id:140)
2017-07-03 20:32:17.062653|INFO    |VirtualServer |  5| permission 'i_icon_id'(id:142) with values (value:-743115140, negated:0, skipchannel:0) was added by '#                         ac1d'(id:111) to servergroup '... (Copiar) (Copi (Copiar 66)'(id:140)
2017-07-03 20:32:26.712809|INFO    |VirtualServer |  5| permission 'i_icon_id'(id:142) with values (value:1145855057, negated:0, skipchannel:0) was added by '#                         ac1d'(id:111) to servergroup '... (Copiar) (Copi (Copiar 67)'(id:141)
2017-07-03 20:32:32.208039|INFO    |VirtualServer |  5| permission 'i_icon_id'(id:142) with values (value:996005432, negated:0, skipchannel:0) was added by '#                         ac1d'(id:111) to servergroup '... (Copiar) (Copi (Copiar 68)'(id:142)
2017-07-03 20:32:42.942314|INFO    |VirtualServer |  5| permission 'i_icon_id'(id:142) with values (value:-990903672, negated:0, skipchannel:0) was added by '#                         ac1d'(id:111) to servergroup '... (Copiar) (Copi (Copiar 69)'(id:143)
2017-07-03 20:32:47.031632|INFO    |VirtualServer |  5| permission 'i_icon_id'(id:142) with values (value:1311635030, negated:0, skipchannel:0) was added by '#                         ac1d'(id:111) to servergroup '... (Copiar) (Copi (Copiar 70)'(id:144)
2017-07-03 20:33:37.689379|INFO    |VirtualServer |  5| permission 'i_icon_id'(id:142) with values (value:-68900097, negated:0, skipchannel:0) was added by '#                         ac1d'(id:111) to servergroup '... (Copiar) (Copi (Copiar 71)'(id:145)
2017-07-03 20:33:45.344124|INFO    |VirtualServer |  5| permission 'i_icon_id'(id:142) with values (value:-1868454694, negated:0, skipchannel:0) was added by '#                         ac1d'(id:111) to servergroup '... (Copiar) (Copi (Copiar 72)'(id:146)
2017-07-03 20:33:51.638755|INFO    |VirtualServer |  5| permission 'i_icon_id'(id:142) with values (value:1661302460, negated:0, skipchannel:0) was added by '#                         ac1d'(id:111) to servergroup '... (Copiar) (Copi (Copiar 73)'(id:147)
2017-07-03 20:34:02.299399|INFO    |VirtualServer |  5| permission 'i_icon_id'(id:142) with values (value:1295966839, negated:0, skipchannel:0) was added by '#                         ac1d'(id:111) to servergroup '... (Copiar) (Copi (C (Copiar)'(id:148)
2017-07-03 20:34:06.447272|INFO    |VirtualServer |  5| permission 'i_icon_id'(id:142) with values (value:1022627672, negated:0, skipchannel:0) was added by '#                         ac1d'(id:111) to servergroup '... (Copiar) (Copi  (Copiar 2)'(id:149)
2017-07-03 20:34:10.539896|INFO    |VirtualServer |  5| permission 'i_icon_id'(id:142) with values (value:1533591448, negated:0, skipchannel:0) was added by '#                         ac1d'(id:111) to servergroup '... (Copiar) (Copi  ( (Copiar)'(id:150)
2017-07-03 20:34:27.387164|INFO    |VirtualServer |  5| permission 'i_icon_id'(id:142) with values (value:886469454, negated:0, skipchannel:0) was added by '#                         ac1d'(id:111) to servergroup '... (Copiar) (Copi  (Copiar 3)'(id:151)
2017-07-03 20:34:30.822228|INFO    |VirtualServer |  5| permission 'i_icon_id'(id:142) with values (value:-122467074, negated:0, skipchannel:0) was added by '#                         ac1d'(id:111) to servergroup '... (Copiar) (Copi  (Copiar 4)'(id:152)
2017-07-03 20:34:35.992025|INFO    |VirtualServer |  5| servergroup '... (Copiar) (Copi  (Copiar 5)'(id:153) was copied by '#                         ac1d'(id:111) to '... (Copiar) (Copi  (Copiar 6)'(id:154)
2017-07-03 20:34:36.713380|INFO    |VirtualServer |  5| servergroup '... (Copiar) (Copi  (Copiar 6)'(id:154) was copied by '#                         ac1d'(id:111) to '... (Copiar) (Copi  (Copiar 7)'(id:155)
2017-07-03 20:34:37.531740|INFO    |VirtualServer |  5| servergroup '... (Copiar) (Copi  (Copiar 7)'(id:155) was copied by '#                         ac1d'(id:111) to '... (Copiar) (Copi  (Copiar 8)'(id:156)
2017-07-03 20:34:38.151656|INFO    |VirtualServer |  5| servergroup '... (Copiar) (Copi  (Copiar 8)'(id:156) was copied by '#                         ac1d'(id:111) to '... (Copiar) (Copi  (Copiar 9)'(id:157)
2017-07-03 20:34:38.932969|INFO    |VirtualServer |  5| servergroup '... (Copiar) (Copi  (Copiar 9)'(id:157) was copied by '#                         ac1d'(id:111) to '... (Copiar) (Copi (Copiar 10)'(id:158)
2017-07-03 20:34:39.244222|INFO    |VirtualServer |  5| servergroup '... (Copiar) (Copi (Copiar 10)'(id:158) was copied by '#                         ac1d'(id:111) to '... (Copiar) (Copi (Copiar 11)'(id:159)
2017-07-03 20:34:43.675430|INFO    |VirtualServer |  5| servergroup '... (Copiar) (Copi (Copiar 11)'(id:159) was copied by '#                         ac1d'(id:111) to '... (Copiar) (Copi (Copiar 12)'(id:160)
2017-07-03 20:34:47.185501|INFO    |VirtualServer |  5| servergroup '... (Copiar) (Copi (Copiar 12)'(id:160) was copied by '#                         ac1d'(id:111) to '... (Copiar) (Copi (Copiar 13)'(id:161)
2017-07-03 20:34:47.666486|INFO    |VirtualServer |  5| servergroup '... (Copiar) (Copi (Copiar 13)'(id:161) was copied by '#                         ac1d'(id:111) to '... (Copiar) (Copi (Copiar 14)'(id:162)
2017-07-03 20:34:48.033441|INFO    |VirtualServer |  5| servergroup '... (Copiar) (Copi (Copiar 14)'(id:162) was copied by '#                         ac1d'(id:111) to '... (Copiar) (Copi (Copiar 15)'(id:163)
2017-07-03 20:34:48.682425|INFO    |VirtualServer |  5| servergroup '... (Copiar) (Copi (Copiar 15)'(id:163) was copied by '#                         ac1d'(id:111) to '... (Copiar) (Copi (Copiar 16)'(id:164)
2017-07-03 20:34:49.064752|INFO    |VirtualServer |  5| servergroup '... (Copiar) (Copi (Copiar 16)'(id:164) was copied by '#                         ac1d'(id:111) to '... (Copiar) (Copi (Copiar 17)'(id:165)
2017-07-03 20:34:49.457661|INFO    |VirtualServer |  5| servergroup '... (Copiar) (Copi (Copiar 17)'(id:165) was copied by '#                         ac1d'(id:111) to '... (Copiar) (Copi (Copiar 18)'(id:166)
2017-07-03 20:34:49.821989|INFO    |VirtualServer |  5| servergroup '... (Copiar) (Copi (Copiar 18)'(id:166) was copied by '#                         ac1d'(id:111) to '... (Copiar) (Copi (Copiar 19)'(id:167)
2017-07-03 20:34:50.142263|INFO    |VirtualServer |  5| servergroup '... (Copiar) (Copi (Copiar 19)'(id:167) was copied by '#                         ac1d'(id:111) to '... (Copiar) (Copi (Copiar 20)'(id:168)
2017-07-03 20:34:50.486204|INFO    |VirtualServer |  5| servergroup '... (Copiar) (Copi (Copiar 20)'(id:168) was copied by '#                         ac1d'(id:111) to '... (Copiar) (Copi (Copiar 21)'(id:169)
2017-07-03 20:34:50.850938|INFO    |VirtualServer |  5| servergroup '... (Copiar) (Copi (Copiar 21)'(id:169) was copied by '#                         ac1d'(id:111) to '... (Copiar) (Copi (Copiar 22)'(id:170)
2017-07-03 20:34:51.159440|INFO    |VirtualServer |  5| servergroup '... (Copiar) (Copi (Copiar 22)'(id:170) was copied by '#                         ac1d'(id:111) to '... (Copiar) (Copi (Copiar 23)'(id:171)
2017-07-03 20:34:55.948789|INFO    |VirtualServer |  5| permission 'i_icon_id'(id:142) with values (value:-610955481, negated:0, skipchannel:0) was added by '#                         ac1d'(id:111) to servergroup '... (Copiar) (Copi  (Copiar 5)'(id:153)
2017-07-03 20:35:32.729739|INFO    |VirtualServer |  5| permission 'i_icon_id'(id:142) with values (value:-610955481, negated:0, skipchannel:0) was added by '#                         ac1d'(id:111) to servergroup '... (Copiar) (Copi  (Copiar 6)'(id:154)
2017-07-03 20:35:36.744539|INFO    |VirtualServer |  5| permission 'i_icon_id'(id:142) with values (value:1781005564, negated:0, skipchannel:0) was added by '#                         ac1d'(id:111) to servergroup '... (Copiar) (Copi  (Copiar 6)'(id:154)
2017-07-03 20:36:13.684753|INFO    |VirtualServer |  5| permission 'i_icon_id'(id:142) with values (value:-1474035966, negated:0, skipchannel:0) was added by '#                         ac1d'(id:111) to servergroup '... (Copiar) (Copi  (Copiar 7)'(id:155)
2017-07-03 20:36:36.015211|INFO    |VirtualServer |  5| permission 'i_icon_id'(id:142) with values (value:-1474035966, negated:0, skipchannel:0) was added by '#                         ac1d'(id:111) to servergroup '... (Copiar) (Copi  (Copiar 8)'(id:156)
2017-07-03 20:36:39.705901|INFO    |VirtualServer |  5| permission 'i_icon_id'(id:142) with values (value:-1238738206, negated:0, skipchannel:0) was added by '#                         ac1d'(id:111) to servergroup '... (Copiar) (Copi  (Copiar 9)'(id:157)
2017-07-03 20:37:08.715814|INFO    |VirtualServer |  5| permission 'i_icon_id'(id:142) with values (value:-1426449205, negated:0, skipchannel:0) was added by '#                         ac1d'(id:111) to servergroup '... (Copiar) (Copi (Copiar 10)'(id:158)
2017-07-03 20:37:23.354456|INFO    |VirtualServer |  5| permission 'i_icon_id'(id:142) with values (value:198738798, negated:0, skipchannel:0) was added by '#                         ac1d'(id:111) to servergroup '... (Copiar) (Copi (Copiar 11)'(id:159)
2017-07-03 20:37:26.848653|INFO    |VirtualServer |  5| permission 'i_icon_id'(id:142) with values (value:1066518136, negated:0, skipchannel:0) was added by '#                         ac1d'(id:111) to servergroup '... (Copiar) (Copi (Copiar 12)'(id:160)
2017-07-03 20:37:35.860330|INFO    |VirtualServer |  5| permission 'i_icon_id'(id:142) with values (value:1066518136, negated:0, skipchannel:0) was added by '#                         ac1d'(id:111) to servergroup '... (Copiar) (Copi (Copiar 13)'(id:161)
2017-07-03 20:37:39.260874|INFO    |VirtualServer |  5| permission 'i_icon_id'(id:142) with values (value:-901326983, negated:0, skipchannel:0) was added by '#                         ac1d'(id:111) to servergroup '... (Copiar) (Copi (Copiar 12)'(id:160)
2017-07-03 20:38:01.397800|INFO    |VirtualServer |  5| permission 'i_icon_id'(id:142) with values (value:1035358739, negated:0, skipchannel:0) was added by '#                         ac1d'(id:111) to servergroup '... (Copiar) (Copi (Copiar 14)'(id:162)
2017-07-03 20:38:04.734154|INFO    |VirtualServer |  5| permission 'i_icon_id'(id:142) with values (value:-1281282595, negated:0, skipchannel:0) was added by '#                         ac1d'(id:111) to servergroup '... (Copiar) (Copi (Copiar 15)'(id:163)
2017-07-03 20:38:09.478558|INFO    |VirtualServer |  5| permission 'i_icon_id'(id:142) with values (value:1203704337, negated:0, skipchannel:0) was added by '#                         ac1d'(id:111) to servergroup '... (Copiar) (Copi (Copiar 16)'(id:164)
2017-07-03 20:38:12.005243|INFO    |VirtualServer |  5| permission 'i_icon_id'(id:142) with values (value:-297225239, negated:0, skipchannel:0) was added by '#                         ac1d'(id:111) to servergroup '... (Copiar) (Copi (Copiar 17)'(id:165)
2017-07-03 20:38:14.932542|INFO    |VirtualServer |  5| permission 'i_icon_id'(id:142) with values (value:-852992995, negated:0, skipchannel:0) was added by '#                         ac1d'(id:111) to servergroup '... (Copiar) (Copi (Copiar 18)'(id:166)
2017-07-03 20:38:18.916991|INFO    |VirtualServer |  5| permission 'i_icon_id'(id:142) with values (value:583954144, negated:0, skipchannel:0) was added by '#                         ac1d'(id:111) to servergroup '... (Copiar) (Copi (Copiar 19)'(id:167)
2017-07-03 20:38:21.253620|INFO    |VirtualServer |  5| servergroup '... (Copiar) (Copi (Copiar 20)'(id:168) was deleted by '#                         ac1d'(id:111)
2017-07-03 20:38:23.216543|INFO    |VirtualServer |  5| servergroup '... (Copiar) (Copi (Copiar 21)'(id:169) was deleted by '#                         ac1d'(id:111)
2017-07-03 20:38:27.166673|INFO    |VirtualServer |  5| servergroup '... (Copiar) (Copi (Copiar 23)'(id:171) was deleted by '#                         ac1d'(id:111)
2017-07-03 20:38:29.844761|INFO    |VirtualServer |  5| servergroup '... (Copiar) (Copi (Copiar 22)'(id:170) was deleted by '#                         ac1d'(id:111)
2017-07-03 20:38:40.769588|INFO    |VirtualServer |  5| permission 'i_icon_id'(id:142) with values (value:-2054438363, negated:0, skipchannel:0) was added by '#                         ac1d'(id:111) to servergroup 'Auxiliar'(id:55)
2017-07-03 20:39:00.124988|INFO    |VirtualServer |  5| permission 'i_channel_create_modify_with_codec_maxquality'(id:96) was deleted by '#                         ac1d'(id:111) from servergroup 'Auxiliar'(id:55)
2017-07-03 20:39:00.126675|INFO    |VirtualServer |  5| permission 'i_channel_create_modify_with_codec_latency_factor_min'(id:97) was deleted by '#                         ac1d'(id:111) from servergroup 'Auxiliar'(id:55)
2017-07-03 20:39:00.128443|INFO    |VirtualServer |  5| permission 'i_client_max_channel_subscriptions'(id:176) was deleted by '#                         ac1d'(id:111) from servergroup 'Auxiliar'(id:55)
2017-07-03 20:39:00.130205|INFO    |VirtualServer |  5| permission 'i_ft_directory_create_power'(id:243) was deleted by '#                         ac1d'(id:111) from servergroup 'Auxiliar'(id:55)
2017-07-03 20:39:00.131973|INFO    |VirtualServer |  5| permission 'i_channel_subscribe_power'(id:138) was deleted by '#                         ac1d'(id:111) from servergroup 'Auxiliar'(id:55)
2017-07-03 20:39:00.133827|INFO    |VirtualServer |  5| permission 'i_channel_max_depth'(id:77) was deleted by '#                         ac1d'(id:111) from servergroup 'Auxiliar'(id:55)
2017-07-03 20:39:00.135620|INFO    |VirtualServer |  5| permission 'b_virtualserver_channelgroup_client_list'(id:155) was deleted by '#                         ac1d'(id:111) from servergroup 'Auxiliar'(id:55)
2017-07-03 20:39:00.137498|INFO    |VirtualServer |  5| permission 'b_virtualserver_servergroup_client_list'(id:152) was deleted by '#                         ac1d'(id:111) from servergroup 'Auxiliar'(id:55)
2017-07-03 20:39:00.139275|INFO    |VirtualServer |  5| permission 'b_channel_create_modify_with_codec_speex32'(id:92) was deleted by '#                         ac1d'(id:111) from servergroup 'Auxiliar'(id:55)
2017-07-03 20:39:00.141025|INFO    |VirtualServer |  5| permission 'b_channel_create_modify_with_codec_speex8'(id:90) was deleted by '#                         ac1d'(id:111) from servergroup 'Auxiliar'(id:55)
2017-07-03 20:39:00.142874|INFO    |VirtualServer |  5| permission 'b_channel_create_modify_with_codec_speex16'(id:91) was deleted by '#                         ac1d'(id:111) from servergroup 'Auxiliar'(id:55)
2017-07-03 20:39:00.144541|INFO    |VirtualServer |  5| permission 'b_channel_create_with_description'(id:88) was deleted by '#                         ac1d'(id:111) from servergroup 'Auxiliar'(id:55)
2017-07-03 20:39:00.146268|INFO    |VirtualServer |  5| permission 'b_channel_create_with_password'(id:89) was deleted by '#                         ac1d'(id:111) from servergroup 'Auxiliar'(id:55)
2017-07-03 20:39:00.147953|INFO    |VirtualServer |  5| permission 'b_channel_create_with_topic'(id:87) was deleted by '#                         ac1d'(id:111) from servergroup 'Auxiliar'(id:55)
2017-07-03 20:39:00.149676|INFO    |VirtualServer |  5| permission 'b_channel_create_semi_permanent'(id:84) was deleted by '#                         ac1d'(id:111) from servergroup 'Auxiliar'(id:55)
2017-07-03 20:39:00.151490|INFO    |VirtualServer |  5| permission 'b_channel_create_temporary'(id:85) was deleted by '#                         ac1d'(id:111) from servergroup 'Auxiliar'(id:55)
2017-07-03 20:39:00.153395|INFO    |VirtualServer |  5| permission 'i_ft_file_rename_power'(id:239) was deleted by '#                         ac1d'(id:111) from servergroup 'Auxiliar'(id:55)
2017-07-03 20:39:00.155032|INFO    |VirtualServer |  5| permission 'b_channel_create_child'(id:82) was deleted by '#                         ac1d'(id:111) from servergroup 'Auxiliar'(id:55)
2017-07-03 20:39:00.156687|INFO    |VirtualServer |  5| permission 'i_ft_file_delete_power'(id:237) was deleted by '#                         ac1d'(id:111) from servergroup 'Auxiliar'(id:55)
2017-07-03 20:39:00.158324|INFO    |VirtualServer |  5| permission 'b_channel_create_with_needed_talk_power'(id:102) was deleted by '#                         ac1d'(id:111) from servergroup 'Auxiliar'(id:55)
2017-07-03 20:39:00.160018|INFO    |VirtualServer |  5| permission 'b_channel_create_with_maxclients'(id:98) was deleted by '#                         ac1d'(id:111) from servergroup 'Auxiliar'(id:55)
2017-07-03 20:39:00.162228|INFO    |VirtualServer |  5| permission 'b_channel_create_with_maxfamilyclients'(id:99) was deleted by '#                         ac1d'(id:111) from servergroup 'Auxiliar'(id:55)
2017-07-03 20:39:00.413760|INFO    |VirtualServer |  5| permission 'i_group_auto_update_type'(id:146) with values (value:15, negated:0, skipchannel:0) was added by '#                         ac1d'(id:111) to servergroup 'Auxiliar'(id:55)
2017-07-03 20:39:00.415810|INFO    |VirtualServer |  5| permission 'i_client_max_clones_uid'(id:173) with values (value:0, negated:0, skipchannel:0) was added by '#                         ac1d'(id:111) to servergroup 'Auxiliar'(id:55)
2017-07-03 20:39:00.417701|INFO    |VirtualServer |  5| permission 'i_client_needed_ban_power'(id:201) with values (value:25, negated:0, skipchannel:0) was added by '#                         ac1d'(id:111) to servergroup 'Auxiliar'(id:55)
2017-07-03 20:39:00.419590|INFO    |VirtualServer |  5| permission 'i_client_needed_kick_from_server_power'(id:197) with values (value:25, negated:0, skipchannel:0) was added by '#                         ac1d'(id:111) to servergroup 'Auxiliar'(id:55)
2017-07-03 20:39:00.421552|INFO    |VirtualServer |  5| permission 'i_client_needed_kick_from_channel_power'(id:199) with values (value:25, negated:0, skipchannel:0) was added by '#                         ac1d'(id:111) to servergroup 'Auxiliar'(id:55)
2017-07-03 20:39:00.423315|INFO    |VirtualServer |  5| permission 'i_client_needed_move_power'(id:203) with values (value:25, negated:0, skipchannel:0) was added by '#                         ac1d'(id:111) to servergroup 'Auxiliar'(id:55)
2017-07-03 20:39:00.425097|INFO    |VirtualServer |  5| permission 'i_client_private_textmessage_power'(id:214) with values (value:25, negated:0, skipchannel:0) was added by '#                         ac1d'(id:111) to servergroup 'Auxiliar'(id:55)
2017-07-03 20:39:00.426833|INFO    |VirtualServer |  5| permission 'i_ft_file_upload_power'(id:233) with values (value:25, negated:0, skipchannel:0) was added by '#                         ac1d'(id:111) to servergroup 'Auxiliar'(id:55)
2017-07-03 20:39:00.428606|INFO    |VirtualServer |  5| permission 'i_ft_file_download_power'(id:235) with values (value:25, negated:0, skipchannel:0) was added by '#                         ac1d'(id:111) to servergroup 'Auxiliar'(id:55)
2017-07-03 20:39:00.430374|INFO    |VirtualServer |  5| permission 'i_ft_file_browse_power'(id:241) with values (value:25, negated:0, skipchannel:0) was added by '#                         ac1d'(id:111) to servergroup 'Auxiliar'(id:55)
2017-07-03 20:39:04.535936|INFO    |VirtualServer |  5| permission 'b_channel_create_with_needed_talk_power'(id:102) was deleted by '#                         ac1d'(id:111) from servergroup 'Me Registra'(id:56)
2017-07-03 20:39:04.537655|INFO    |VirtualServer |  5| permission 'b_client_channel_textmessage_send'(id:217) was deleted by '#                         ac1d'(id:111) from servergroup 'Me Registra'(id:56)
2017-07-03 20:39:04.539271|INFO    |VirtualServer |  5| permission 'b_channel_create_with_maxclients'(id:98) was deleted by '#                         ac1d'(id:111) from servergroup 'Me Registra'(id:56)
2017-07-03 20:39:04.540934|INFO    |VirtualServer |  5| permission 'b_channel_create_modify_with_codec_speex8'(id:90) was deleted by '#                         ac1d'(id:111) from servergroup 'Me Registra'(id:56)
2017-07-03 20:39:04.542546|INFO    |VirtualServer |  5| permission 'b_channel_create_modify_with_codec_speex16'(id:91) was deleted by '#                         ac1d'(id:111) from servergroup 'Me Registra'(id:56)
2017-07-03 20:39:04.544125|INFO    |VirtualServer |  5| permission 'b_channel_create_with_password'(id:89) was deleted by '#                         ac1d'(id:111) from servergroup 'Me Registra'(id:56)
2017-07-03 20:39:04.545743|INFO    |VirtualServer |  5| permission 'b_channel_create_with_topic'(id:87) was deleted by '#                         ac1d'(id:111) from servergroup 'Me Registra'(id:56)
2017-07-03 20:39:04.547469|INFO    |VirtualServer |  5| permission 'b_channel_create_temporary'(id:85) was deleted by '#                         ac1d'(id:111) from servergroup 'Me Registra'(id:56)
2017-07-03 20:39:04.763812|INFO    |VirtualServer |  5| permission 'b_channel_join_permanent'(id:131) with values (value:1, negated:0, skipchannel:0) was added by '#                         ac1d'(id:111) to servergroup 'Me Registra'(id:56)
2017-07-03 20:39:04.765727|INFO    |VirtualServer |  5| permission 'b_channel_join_semi_permanent'(id:132) with values (value:1, negated:0, skipchannel:0) was added by '#                         ac1d'(id:111) to servergroup 'Me Registra'(id:56)
2017-07-03 20:39:04.767560|INFO    |VirtualServer |  5| permission 'b_channel_join_temporary'(id:133) with values (value:1, negated:0, skipchannel:0) was added by '#                         ac1d'(id:111) to servergroup 'Me Registra'(id:56)
2017-07-03 20:39:04.769400|INFO    |VirtualServer |  5| permission 'b_virtualserver_token_use'(id:38) with values (value:1, negated:0, skipchannel:0) was added by '#                         ac1d'(id:111) to servergroup 'Me Registra'(id:56)
2017-07-03 20:39:04.769655|INFO    |VirtualServer |  5| permission 'i_group_show_name_in_tree'(id:149) with values (value:1, negated:0, skipchannel:0) was added by '#                         ac1d'(id:111) to servergroup 'Me Registra'(id:56)
2017-07-03 20:39:13.465379|INFO    |VirtualServer |  5| permission 'b_virtualserver_info_view'(id:23) was deleted by '#                         ac1d'(id:111) from servergroup 'Auxiliar'(id:55)
2017-07-03 20:39:14.878325|INFO    |VirtualServer |  5| permission 'b_virtualserver_connectioninfo_view'(id:24) was deleted by '#                         ac1d'(id:111) from servergroup 'Auxiliar'(id:55)
2017-07-03 20:39:15.455362|INFO    |VirtualServer |  5| permission 'b_virtualserver_channel_list'(id:25) was deleted by '#                         ac1d'(id:111) from servergroup 'Auxiliar'(id:55)
2017-07-03 20:39:16.489846|INFO    |VirtualServer |  5| permission 'b_virtualserver_client_list'(id:27) was deleted by '#                         ac1d'(id:111) from servergroup 'Auxiliar'(id:55)
2017-07-03 20:39:17.773226|INFO    |VirtualServer |  5| permission 'b_virtualserver_token_use'(id:38) was deleted by '#                         ac1d'(id:111) from servergroup 'Auxiliar'(id:55)
2017-07-03 20:39:21.501512|INFO    |VirtualServer |  5| permission 'b_virtualserver_token_use'(id:38) with values (value:1, negated:0, skipchannel:0) was added by '#                         ac1d'(id:111) to servergroup 'Auxiliar'(id:55)
2017-07-03 20:39:24.142909|INFO    |VirtualServer |  5| permission 'i_needed_modify_power_virtualserver_token_use'(id:32806) with values (value:75, negated:0, skipchannel:0) was added by '#                         ac1d'(id:111) to servergroup 'Auxiliar'(id:55)
2017-07-03 20:39:27.759520|INFO    |VirtualServer |  5| permission 'b_channel_create_private'(id:86) was deleted by '#                         ac1d'(id:111) from servergroup 'Auxiliar'(id:55)
2017-07-03 20:39:29.119704|INFO    |VirtualServer |  5| permission 'b_channel_create_modify_with_codec_opusmusic'(id:95) with values (value:1, negated:0, skipchannel:0) was added by '#                         ac1d'(id:111) to servergroup 'Auxiliar'(id:55)
2017-07-03 20:39:30.080570|INFO    |VirtualServer |  5| permission 'b_channel_create_modify_with_codec_opusvoice'(id:94) was deleted by '#                         ac1d'(id:111) from servergroup 'Auxiliar'(id:55)
2017-07-03 20:39:30.543239|INFO    |VirtualServer |  5| permission 'b_channel_create_modify_with_codec_opusmusic'(id:95) was deleted by '#                         ac1d'(id:111) from servergroup 'Auxiliar'(id:55)
2017-07-03 20:39:44.608335|INFO    |VirtualServer |  5| permission 'i_channel_join_power'(id:136) with values (value:75, negated:0, skipchannel:0) was added by '#                         ac1d'(id:111) to servergroup 'Auxiliar'(id:55)
2017-07-03 20:39:54.532520|INFO    |VirtualServer |  5| permission 'i_group_member_add_power'(id:163) with values (value:50, negated:0, skipchannel:0) was added by '#                         ac1d'(id:111) to servergroup 'Auxiliar'(id:55)
2017-07-03 20:39:57.692500|INFO    |VirtualServer |  5| permission 'i_group_member_remove_power'(id:165) with values (value:50, negated:0, skipchannel:0) was added by '#                         ac1d'(id:111) to servergroup 'Auxiliar'(id:55)
2017-07-03 20:40:02.175051|INFO    |VirtualServer |  5| permission 'i_client_needed_serverquery_view_power'(id:194) was deleted by '#                         ac1d'(id:111) from servergroup 'Auxiliar'(id:55)
2017-07-03 20:40:04.443772|INFO    |VirtualServer |  5| permission 'b_client_permissionoverview_own'(id:191) was deleted by '#                         ac1d'(id:111) from servergroup 'Auxiliar'(id:55)
2017-07-03 20:40:05.070271|INFO    |VirtualServer |  5| permission 'b_client_permissionoverview_view'(id:190) was deleted by '#                         ac1d'(id:111) from servergroup 'Auxiliar'(id:55)
2017-07-03 20:40:05.830838|INFO    |VirtualServer |  5| permission 'b_client_info_view'(id:189) was deleted by '#                         ac1d'(id:111) from servergroup 'Auxiliar'(id:55)
2017-07-03 20:40:18.710143|INFO    |VirtualServer |  5| permission 'i_icon_id'(id:142) with values (value:-898138746, negated:0, skipchannel:0) was added by '#                         ac1d'(id:111) to servergroup 'Me Registra'(id:56)
